The system is: Linux - 4.19.13-1-MANJARO - x86_64
Compiling the C compiler identification source file "CMakeCCompilerId.c" succeeded.
Compiler: /usr/bin/cc 
Build flags: 
Id flags:  

The output was:
0


Compilation of the C compiler identification source "CMakeCCompilerId.c" produced "a.out"

The C compiler identification is GNU, found in "/home/zatt/Documents/Git/Enigma/CMakeFiles/3.13.1/CompilerIdC/a.out"

Compiling the CXX compiler identification source file "CMakeCXXCompilerId.cpp" succeeded.
Compiler: /usr/bin/c++ 
Build flags: 
Id flags:  

The output was:
0


Compilation of the CXX compiler identification source "CMakeCXXCompilerId.cpp" produced "a.out"

The CXX compiler identification is GNU, found in "/home/zatt/Documents/Git/Enigma/CMakeFiles/3.13.1/CompilerIdCXX/a.out"

Determining if the C compiler works passed with the following output:
Change Dir: /home/zatt/Documents/Git/Enigma/CMakeFiles/CMakeTmp

Run Build Command:"/usr/bin/make" "cmTC_c5373/fast"
/usr/bin/make -f CMakeFiles/cmTC_c5373.dir/build.make CMakeFiles/cmTC_c5373.dir/build
make[1]: Entering directory '/home/zatt/Documents/Git/Enigma/CMakeFiles/CMakeTmp'
Building C object CMakeFiles/cmTC_c5373.dir/testCCompiler.c.o
/usr/bin/cc    -o CMakeFiles/cmTC_c5373.dir/testCCompiler.c.o   -c /home/zatt/Documents/Git/Enigma/CMakeFiles/CMakeTmp/testCCompiler.c
Linking C executable cmTC_c5373
/usr/bin/cmake -E cmake_link_script CMakeFiles/cmTC_c5373.dir/link.txt --verbose=1
/usr/bin/cc      -rdynamic CMakeFiles/cmTC_c5373.dir/testCCompiler.c.o  -o cmTC_c5373 
make[1]: Leaving directory '/home/zatt/Documents/Git/Enigma/CMakeFiles/CMakeTmp'


Detecting C compiler ABI info compiled with the following output:
Change Dir: /home/zatt/Documents/Git/Enigma/CMakeFiles/CMakeTmp

Run Build Command:"/usr/bin/make" "cmTC_d7c93/fast"
/usr/bin/make -f CMakeFiles/cmTC_d7c93.dir/build.make CMakeFiles/cmTC_d7c93.dir/build
make[1]: Entering directory '/home/zatt/Documents/Git/Enigma/CMakeFiles/CMakeTmp'
Building C object CMakeFiles/cmTC_d7c93.dir/CMakeCCompilerABI.c.o
/usr/bin/cc    -o CMakeFiles/cmTC_d7c93.dir/CMakeCCompilerABI.c.o   -c /usr/share/cmake-3.13/Modules/CMakeCCompilerABI.c
Linking C executable cmTC_d7c93
/usr/bin/cmake -E cmake_link_script CMakeFiles/cmTC_d7c93.dir/link.txt --verbose=1
/usr/bin/cc     -v -rdynamic CMakeFiles/cmTC_d7c93.dir/CMakeCCompilerABI.c.o  -o cmTC_d7c93 
Using built-in specs.
COLLECT_GCC=/usr/bin/cc
COLLECT_LTO_WRAPPER=/usr/lib/gcc/x86_64-pc-linux-gnu/8.2.1/lto-wrapper
Target: x86_64-pc-linux-gnu
Configured with: /build/gcc/src/gcc/configure --prefix=/usr --libdir=/usr/lib --libexecdir=/usr/lib --mandir=/usr/share/man --infodir=/usr/share/info --with-bugurl=https://bugs.archlinux.org/ --enable-languages=c,c++,ada,fortran,go,lto,objc,obj-c++ --enable-shared --enable-threads=posix --enable-libmpx --with-system-zlib --with-isl --enable-__cxa_atexit --disable-libunwind-exceptions --enable-clocale=gnu --disable-libstdcxx-pch --disable-libssp --enable-gnu-unique-object --enable-linker-build-id --enable-lto --enable-plugin --enable-install-libiberty --with-linker-hash-style=gnu --enable-gnu-indirect-function --enable-multilib --disable-werror --enable-checking=release --enable-default-pie --enable-default-ssp --enable-cet=auto
Thread model: posix
gcc version 8.2.1 20181127 (GCC) 
COMPILER_PATH=/usr/lib/gcc/x86_64-pc-linux-gnu/8.2.1/:/usr/lib/gcc/x86_64-pc-linux-gnu/8.2.1/:/usr/lib/gcc/x86_64-pc-linux-gnu/:/usr/lib/gcc/x86_64-pc-linux-gnu/8.2.1/:/usr/lib/gcc/x86_64-pc-linux-gnu/
LIBRARY_PATH=/usr/lib/gcc/x86_64-pc-linux-gnu/8.2.1/:/usr/lib/gcc/x86_64-pc-linux-gnu/8.2.1/../../../../lib/:/lib/../lib/:/usr/lib/../lib/:/usr/lib/gcc/x86_64-pc-linux-gnu/8.2.1/../../../:/lib/:/usr/lib/
COLLECT_GCC_OPTIONS='-v' '-rdynamic' '-o' 'cmTC_d7c93' '-mtune=generic' '-march=x86-64'
 /usr/lib/gcc/x86_64-pc-linux-gnu/8.2.1/collect2 -plugin /usr/lib/gcc/x86_64-pc-linux-gnu/8.2.1/liblto_plugin.so -plugin-opt=/usr/lib/gcc/x86_64-pc-linux-gnu/8.2.1/lto-wrapper -plugin-opt=-fresolution=/tmp/cc3d7fk1.res -plugin-opt=-pass-through=-lgcc -plugin-opt=-pass-through=-lgcc_s -plugin-opt=-pass-through=-lc -plugin-opt=-pass-through=-lgcc -plugin-opt=-pass-through=-lgcc_s --build-id --eh-frame-hdr --hash-style=gnu -m elf_x86_64 -export-dynamic -dynamic-linker /lib64/ld-linux-x86-64.so.2 -pie -o cmTC_d7c93 /usr/lib/gcc/x86_64-pc-linux-gnu/8.2.1/../../../../lib/Scrt1.o /usr/lib/gcc/x86_64-pc-linux-gnu/8.2.1/../../../../lib/crti.o /usr/lib/gcc/x86_64-pc-linux-gnu/8.2.1/crtbeginS.o -L/usr/lib/gcc/x86_64-pc-linux-gnu/8.2.1 -L/usr/lib/gcc/x86_64-pc-linux-gnu/8.2.1/../../../../lib -L/lib/../lib -L/usr/lib/../lib -L/usr/lib/gcc/x86_64-pc-linux-gnu/8.2.1/../../.. CMakeFiles/cmTC_d7c93.dir/CMakeCCompilerABI.c.o -lgcc --as-needed -lgcc_s --no-as-needed -lc -lgcc --as-needed -lgcc_s --no-as-needed /usr/lib/gcc/x86_64-pc-linux-gnu/8.2.1/crtendS.o /usr/lib/gcc/x86_64-pc-linux-gnu/8.2.1/../../../../lib/crtn.o
COLLECT_GCC_OPTIONS='-v' '-rdynamic' '-o' 'cmTC_d7c93' '-mtune=generic' '-march=x86-64'
make[1]: Leaving directory '/home/zatt/Documents/Git/Enigma/CMakeFiles/CMakeTmp'


Parsed C implicit link information from above output:
  link line regex: [^( *|.*[/\])(ld|CMAKE_LINK_STARTFILE-NOTFOUND|([^/\]+-)?ld|collect2)[^/\]*( |$)]
  ignore line: [Change Dir: /home/zatt/Documents/Git/Enigma/CMakeFiles/CMakeTmp]
  ignore line: []
  ignore line: [Run Build Command:"/usr/bin/make" "cmTC_d7c93/fast"]
  ignore line: [/usr/bin/make -f CMakeFiles/cmTC_d7c93.dir/build.make CMakeFiles/cmTC_d7c93.dir/build]
  ignore line: [make[1]: Entering directory '/home/zatt/Documents/Git/Enigma/CMakeFiles/CMakeTmp']
  ignore line: [Building C object CMakeFiles/cmTC_d7c93.dir/CMakeCCompilerABI.c.o]
  ignore line: [/usr/bin/cc    -o CMakeFiles/cmTC_d7c93.dir/CMakeCCompilerABI.c.o   -c /usr/share/cmake-3.13/Modules/CMakeCCompilerABI.c]
  ignore line: [Linking C executable cmTC_d7c93]
  ignore line: [/usr/bin/cmake -E cmake_link_script CMakeFiles/cmTC_d7c93.dir/link.txt --verbose=1]
  ignore line: [/usr/bin/cc     -v -rdynamic CMakeFiles/cmTC_d7c93.dir/CMakeCCompilerABI.c.o  -o cmTC_d7c93 ]
  ignore line: [Using built-in specs.]
  ignore line: [COLLECT_GCC=/usr/bin/cc]
  ignore line: [COLLECT_LTO_WRAPPER=/usr/lib/gcc/x86_64-pc-linux-gnu/8.2.1/lto-wrapper]
  ignore line: [Target: x86_64-pc-linux-gnu]
  ignore line: [Configured with: /build/gcc/src/gcc/configure --prefix=/usr --libdir=/usr/lib --libexecdir=/usr/lib --mandir=/usr/share/man --infodir=/usr/share/info --with-bugurl=https://bugs.archlinux.org/ --enable-languages=c,c++,ada,fortran,go,lto,objc,obj-c++ --enable-shared --enable-threads=posix --enable-libmpx --with-system-zlib --with-isl --enable-__cxa_atexit --disable-libunwind-exceptions --enable-clocale=gnu --disable-libstdcxx-pch --disable-libssp --enable-gnu-unique-object --enable-linker-build-id --enable-lto --enable-plugin --enable-install-libiberty --with-linker-hash-style=gnu --enable-gnu-indirect-function --enable-multilib --disable-werror --enable-checking=release --enable-default-pie --enable-default-ssp --enable-cet=auto]
  ignore line: [Thread model: posix]
  ignore line: [gcc version 8.2.1 20181127 (GCC) ]
  ignore line: [COMPILER_PATH=/usr/lib/gcc/x86_64-pc-linux-gnu/8.2.1/:/usr/lib/gcc/x86_64-pc-linux-gnu/8.2.1/:/usr/lib/gcc/x86_64-pc-linux-gnu/:/usr/lib/gcc/x86_64-pc-linux-gnu/8.2.1/:/usr/lib/gcc/x86_64-pc-linux-gnu/]
  ignore line: [LIBRARY_PATH=/usr/lib/gcc/x86_64-pc-linux-gnu/8.2.1/:/usr/lib/gcc/x86_64-pc-linux-gnu/8.2.1/../../../../lib/:/lib/../lib/:/usr/lib/../lib/:/usr/lib/gcc/x86_64-pc-linux-gnu/8.2.1/../../../:/lib/:/usr/lib/]
  ignore line: [COLLECT_GCC_OPTIONS='-v' '-rdynamic' '-o' 'cmTC_d7c93' '-mtune=generic' '-march=x86-64']
  link line: [ /usr/lib/gcc/x86_64-pc-linux-gnu/8.2.1/collect2 -plugin /usr/lib/gcc/x86_64-pc-linux-gnu/8.2.1/liblto_plugin.so -plugin-opt=/usr/lib/gcc/x86_64-pc-linux-gnu/8.2.1/lto-wrapper -plugin-opt=-fresolution=/tmp/cc3d7fk1.res -plugin-opt=-pass-through=-lgcc -plugin-opt=-pass-through=-lgcc_s -plugin-opt=-pass-through=-lc -plugin-opt=-pass-through=-lgcc -plugin-opt=-pass-through=-lgcc_s --build-id --eh-frame-hdr --hash-style=gnu -m elf_x86_64 -export-dynamic -dynamic-linker /lib64/ld-linux-x86-64.so.2 -pie -o cmTC_d7c93 /usr/lib/gcc/x86_64-pc-linux-gnu/8.2.1/../../../../lib/Scrt1.o /usr/lib/gcc/x86_64-pc-linux-gnu/8.2.1/../../../../lib/crti.o /usr/lib/gcc/x86_64-pc-linux-gnu/8.2.1/crtbeginS.o -L/usr/lib/gcc/x86_64-pc-linux-gnu/8.2.1 -L/usr/lib/gcc/x86_64-pc-linux-gnu/8.2.1/../../../../lib -L/lib/../lib -L/usr/lib/../lib -L/usr/lib/gcc/x86_64-pc-linux-gnu/8.2.1/../../.. CMakeFiles/cmTC_d7c93.dir/CMakeCCompilerABI.c.o -lgcc --as-needed -lgcc_s --no-as-needed -lc -lgcc --as-needed -lgcc_s --no-as-needed /usr/lib/gcc/x86_64-pc-linux-gnu/8.2.1/crtendS.o /usr/lib/gcc/x86_64-pc-linux-gnu/8.2.1/../../../../lib/crtn.o]
    arg [/usr/lib/gcc/x86_64-pc-linux-gnu/8.2.1/collect2] ==> ignore
    arg [-plugin] ==> ignore
    arg [/usr/lib/gcc/x86_64-pc-linux-gnu/8.2.1/liblto_plugin.so] ==> ignore
    arg [-plugin-opt=/usr/lib/gcc/x86_64-pc-linux-gnu/8.2.1/lto-wrapper] ==> ignore
    arg [-plugin-opt=-fresolution=/tmp/cc3d7fk1.res] ==> ignore
    arg [-plugin-opt=-pass-through=-lgcc] ==> ignore
    arg [-plugin-opt=-pass-through=-lgcc_s] ==> ignore
    arg [-plugin-opt=-pass-through=-lc] ==> ignore
    arg [-plugin-opt=-pass-through=-lgcc] ==> ignore
    arg [-plugin-opt=-pass-through=-lgcc_s] ==> ignore
    arg [--build-id] ==> ignore
    arg [--eh-frame-hdr] ==> ignore
    arg [--hash-style=gnu] ==> ignore
    arg [-m] ==> ignore
    arg [elf_x86_64] ==> ignore
    arg [-export-dynamic] ==> ignore
    arg [-dynamic-linker] ==> ignore
    arg [/lib64/ld-linux-x86-64.so.2] ==> ignore
    arg [-pie] ==> ignore
    arg [-o] ==> ignore
    arg [cmTC_d7c93] ==> ignore
    arg [/usr/lib/gcc/x86_64-pc-linux-gnu/8.2.1/../../../../lib/Scrt1.o] ==> ignore
    arg [/usr/lib/gcc/x86_64-pc-linux-gnu/8.2.1/../../../../lib/crti.o] ==> ignore
    arg [/usr/lib/gcc/x86_64-pc-linux-gnu/8.2.1/crtbeginS.o] ==> ignore
    arg [-L/usr/lib/gcc/x86_64-pc-linux-gnu/8.2.1] ==> dir [/usr/lib/gcc/x86_64-pc-linux-gnu/8.2.1]
    arg [-L/usr/lib/gcc/x86_64-pc-linux-gnu/8.2.1/../../../../lib] ==> dir [/usr/lib/gcc/x86_64-pc-linux-gnu/8.2.1/../../../../lib]
    arg [-L/lib/../lib] ==> dir [/lib/../lib]
    arg [-L/usr/lib/../lib] ==> dir [/usr/lib/../lib]
    arg [-L/usr/lib/gcc/x86_64-pc-linux-gnu/8.2.1/../../..] ==> dir [/usr/lib/gcc/x86_64-pc-linux-gnu/8.2.1/../../..]
    arg [CMakeFiles/cmTC_d7c93.dir/CMakeCCompilerABI.c.o] ==> ignore
    arg [-lgcc] ==> lib [gcc]
    arg [--as-needed] ==> ignore
    arg [-lgcc_s] ==> lib [gcc_s]
    arg [--no-as-needed] ==> ignore
    arg [-lc] ==> lib [c]
    arg [-lgcc] ==> lib [gcc]
    arg [--as-needed] ==> ignore
    arg [-lgcc_s] ==> lib [gcc_s]
    arg [--no-as-needed] ==> ignore
    arg [/usr/lib/gcc/x86_64-pc-linux-gnu/8.2.1/crtendS.o] ==> ignore
    arg [/usr/lib/gcc/x86_64-pc-linux-gnu/8.2.1/../../../../lib/crtn.o] ==> ignore
  collapse library dir [/usr/lib/gcc/x86_64-pc-linux-gnu/8.2.1] ==> [/usr/lib/gcc/x86_64-pc-linux-gnu/8.2.1]
  collapse library dir [/usr/lib/gcc/x86_64-pc-linux-gnu/8.2.1/../../../../lib] ==> [/usr/lib]
  collapse library dir [/lib/../lib] ==> [/lib]
  collapse library dir [/usr/lib/../lib] ==> [/usr/lib]
  collapse library dir [/usr/lib/gcc/x86_64-pc-linux-gnu/8.2.1/../../..] ==> [/usr/lib]
  implicit libs: [gcc;gcc_s;c;gcc;gcc_s]
  implicit dirs: [/usr/lib/gcc/x86_64-pc-linux-gnu/8.2.1;/usr/lib;/lib]
  implicit fwks: []




Detecting C [-std=c11] compiler features compiled with the following output:
Change Dir: /home/zatt/Documents/Git/Enigma/CMakeFiles/CMakeTmp

Run Build Command:"/usr/bin/make" "cmTC_17f4b/fast"
/usr/bin/make -f CMakeFiles/cmTC_17f4b.dir/build.make CMakeFiles/cmTC_17f4b.dir/build
make[1]: Entering directory '/home/zatt/Documents/Git/Enigma/CMakeFiles/CMakeTmp'
Building C object CMakeFiles/cmTC_17f4b.dir/feature_tests.c.o
/usr/bin/cc   -std=c11 -o CMakeFiles/cmTC_17f4b.dir/feature_tests.c.o   -c /home/zatt/Documents/Git/Enigma/CMakeFiles/feature_tests.c
Linking C executable cmTC_17f4b
/usr/bin/cmake -E cmake_link_script CMakeFiles/cmTC_17f4b.dir/link.txt --verbose=1
/usr/bin/cc      -rdynamic CMakeFiles/cmTC_17f4b.dir/feature_tests.c.o  -o cmTC_17f4b 
make[1]: Leaving directory '/home/zatt/Documents/Git/Enigma/CMakeFiles/CMakeTmp'


    Feature record: C_FEATURE:1c_function_prototypes
    Feature record: C_FEATURE:1c_restrict
    Feature record: C_FEATURE:1c_static_assert
    Feature record: C_FEATURE:1c_variadic_macros


Detecting C [-std=c99] compiler features compiled with the following output:
Change Dir: /home/zatt/Documents/Git/Enigma/CMakeFiles/CMakeTmp

Run Build Command:"/usr/bin/make" "cmTC_314f7/fast"
/usr/bin/make -f CMakeFiles/cmTC_314f7.dir/build.make CMakeFiles/cmTC_314f7.dir/build
make[1]: Entering directory '/home/zatt/Documents/Git/Enigma/CMakeFiles/CMakeTmp'
Building C object CMakeFiles/cmTC_314f7.dir/feature_tests.c.o
/usr/bin/cc   -std=c99 -o CMakeFiles/cmTC_314f7.dir/feature_tests.c.o   -c /home/zatt/Documents/Git/Enigma/CMakeFiles/feature_tests.c
Linking C executable cmTC_314f7
/usr/bin/cmake -E cmake_link_script CMakeFiles/cmTC_314f7.dir/link.txt --verbose=1
/usr/bin/cc      -rdynamic CMakeFiles/cmTC_314f7.dir/feature_tests.c.o  -o cmTC_314f7 
make[1]: Leaving directory '/home/zatt/Documents/Git/Enigma/CMakeFiles/CMakeTmp'


    Feature record: C_FEATURE:1c_function_prototypes
    Feature record: C_FEATURE:1c_restrict
    Feature record: C_FEATURE:0c_static_assert
    Feature record: C_FEATURE:1c_variadic_macros


Detecting C [-std=c90] compiler features compiled with the following output:
Change Dir: /home/zatt/Documents/Git/Enigma/CMakeFiles/CMakeTmp

Run Build Command:"/usr/bin/make" "cmTC_56c86/fast"
/usr/bin/make -f CMakeFiles/cmTC_56c86.dir/build.make CMakeFiles/cmTC_56c86.dir/build
make[1]: Entering directory '/home/zatt/Documents/Git/Enigma/CMakeFiles/CMakeTmp'
Building C object CMakeFiles/cmTC_56c86.dir/feature_tests.c.o
/usr/bin/cc   -std=c90 -o CMakeFiles/cmTC_56c86.dir/feature_tests.c.o   -c /home/zatt/Documents/Git/Enigma/CMakeFiles/feature_tests.c
Linking C executable cmTC_56c86
/usr/bin/cmake -E cmake_link_script CMakeFiles/cmTC_56c86.dir/link.txt --verbose=1
/usr/bin/cc      -rdynamic CMakeFiles/cmTC_56c86.dir/feature_tests.c.o  -o cmTC_56c86 
make[1]: Leaving directory '/home/zatt/Documents/Git/Enigma/CMakeFiles/CMakeTmp'


    Feature record: C_FEATURE:1c_function_prototypes
    Feature record: C_FEATURE:0c_restrict
    Feature record: C_FEATURE:0c_static_assert
    Feature record: C_FEATURE:0c_variadic_macros
Determining if the CXX compiler works passed with the following output:
Change Dir: /home/zatt/Documents/Git/Enigma/CMakeFiles/CMakeTmp

Run Build Command:"/usr/bin/make" "cmTC_c3923/fast"
/usr/bin/make -f CMakeFiles/cmTC_c3923.dir/build.make CMakeFiles/cmTC_c3923.dir/build
make[1]: Entering directory '/home/zatt/Documents/Git/Enigma/CMakeFiles/CMakeTmp'
Building CXX object CMakeFiles/cmTC_c3923.dir/testCXXCompiler.cxx.o
/usr/bin/c++     -o CMakeFiles/cmTC_c3923.dir/testCXXCompiler.cxx.o -c /home/zatt/Documents/Git/Enigma/CMakeFiles/CMakeTmp/testCXXCompiler.cxx
Linking CXX executable cmTC_c3923
/usr/bin/cmake -E cmake_link_script CMakeFiles/cmTC_c3923.dir/link.txt --verbose=1
/usr/bin/c++       -rdynamic CMakeFiles/cmTC_c3923.dir/testCXXCompiler.cxx.o  -o cmTC_c3923 
make[1]: Leaving directory '/home/zatt/Documents/Git/Enigma/CMakeFiles/CMakeTmp'


Detecting CXX compiler ABI info compiled with the following output:
Change Dir: /home/zatt/Documents/Git/Enigma/CMakeFiles/CMakeTmp

Run Build Command:"/usr/bin/make" "cmTC_b310d/fast"
/usr/bin/make -f CMakeFiles/cmTC_b310d.dir/build.make CMakeFiles/cmTC_b310d.dir/build
make[1]: Entering directory '/home/zatt/Documents/Git/Enigma/CMakeFiles/CMakeTmp'
Building CXX object CMakeFiles/cmTC_b310d.dir/CMakeCXXCompilerABI.cpp.o
/usr/bin/c++     -o CMakeFiles/cmTC_b310d.dir/CMakeCXXCompilerABI.cpp.o -c /usr/share/cmake-3.13/Modules/CMakeCXXCompilerABI.cpp
Linking CXX executable cmTC_b310d
/usr/bin/cmake -E cmake_link_script CMakeFiles/cmTC_b310d.dir/link.txt --verbose=1
/usr/bin/c++      -v -rdynamic CMakeFiles/cmTC_b310d.dir/CMakeCXXCompilerABI.cpp.o  -o cmTC_b310d 
Using built-in specs.
COLLECT_GCC=/usr/bin/c++
COLLECT_LTO_WRAPPER=/usr/lib/gcc/x86_64-pc-linux-gnu/8.2.1/lto-wrapper
Target: x86_64-pc-linux-gnu
Configured with: /build/gcc/src/gcc/configure --prefix=/usr --libdir=/usr/lib --libexecdir=/usr/lib --mandir=/usr/share/man --infodir=/usr/share/info --with-bugurl=https://bugs.archlinux.org/ --enable-languages=c,c++,ada,fortran,go,lto,objc,obj-c++ --enable-shared --enable-threads=posix --enable-libmpx --with-system-zlib --with-isl --enable-__cxa_atexit --disable-libunwind-exceptions --enable-clocale=gnu --disable-libstdcxx-pch --disable-libssp --enable-gnu-unique-object --enable-linker-build-id --enable-lto --enable-plugin --enable-install-libiberty --with-linker-hash-style=gnu --enable-gnu-indirect-function --enable-multilib --disable-werror --enable-checking=release --enable-default-pie --enable-default-ssp --enable-cet=auto
Thread model: posix
gcc version 8.2.1 20181127 (GCC) 
COMPILER_PATH=/usr/lib/gcc/x86_64-pc-linux-gnu/8.2.1/:/usr/lib/gcc/x86_64-pc-linux-gnu/8.2.1/:/usr/lib/gcc/x86_64-pc-linux-gnu/:/usr/lib/gcc/x86_64-pc-linux-gnu/8.2.1/:/usr/lib/gcc/x86_64-pc-linux-gnu/
LIBRARY_PATH=/usr/lib/gcc/x86_64-pc-linux-gnu/8.2.1/:/usr/lib/gcc/x86_64-pc-linux-gnu/8.2.1/../../../../lib/:/lib/../lib/:/usr/lib/../lib/:/usr/lib/gcc/x86_64-pc-linux-gnu/8.2.1/../../../:/lib/:/usr/lib/
COLLECT_GCC_OPTIONS='-v' '-rdynamic' '-o' 'cmTC_b310d' '-shared-libgcc' '-mtune=generic' '-march=x86-64'
 /usr/lib/gcc/x86_64-pc-linux-gnu/8.2.1/collect2 -plugin /usr/lib/gcc/x86_64-pc-linux-gnu/8.2.1/liblto_plugin.so -plugin-opt=/usr/lib/gcc/x86_64-pc-linux-gnu/8.2.1/lto-wrapper -plugin-opt=-fresolution=/tmp/ccC8BMMq.res -plugin-opt=-pass-through=-lgcc_s -plugin-opt=-pass-through=-lgcc -plugin-opt=-pass-through=-lc -plugin-opt=-pass-through=-lgcc_s -plugin-opt=-pass-through=-lgcc --build-id --eh-frame-hdr --hash-style=gnu -m elf_x86_64 -export-dynamic -dynamic-linker /lib64/ld-linux-x86-64.so.2 -pie -o cmTC_b310d /usr/lib/gcc/x86_64-pc-linux-gnu/8.2.1/../../../../lib/Scrt1.o /usr/lib/gcc/x86_64-pc-linux-gnu/8.2.1/../../../../lib/crti.o /usr/lib/gcc/x86_64-pc-linux-gnu/8.2.1/crtbeginS.o -L/usr/lib/gcc/x86_64-pc-linux-gnu/8.2.1 -L/usr/lib/gcc/x86_64-pc-linux-gnu/8.2.1/../../../../lib -L/lib/../lib -L/usr/lib/../lib -L/usr/lib/gcc/x86_64-pc-linux-gnu/8.2.1/../../.. CMakeFiles/cmTC_b310d.dir/CMakeCXXCompilerABI.cpp.o -lstdc++ -lm -lgcc_s -lgcc -lc -lgcc_s -lgcc /usr/lib/gcc/x86_64-pc-linux-gnu/8.2.1/crtendS.o /usr/lib/gcc/x86_64-pc-linux-gnu/8.2.1/../../../../lib/crtn.o
COLLECT_GCC_OPTIONS='-v' '-rdynamic' '-o' 'cmTC_b310d' '-shared-libgcc' '-mtune=generic' '-march=x86-64'
make[1]: Leaving directory '/home/zatt/Documents/Git/Enigma/CMakeFiles/CMakeTmp'


Parsed CXX implicit link information from above output:
  link line regex: [^( *|.*[/\])(ld|CMAKE_LINK_STARTFILE-NOTFOUND|([^/\]+-)?ld|collect2)[^/\]*( |$)]
  ignore line: [Change Dir: /home/zatt/Documents/Git/Enigma/CMakeFiles/CMakeTmp]
  ignore line: []
  ignore line: [Run Build Command:"/usr/bin/make" "cmTC_b310d/fast"]
  ignore line: [/usr/bin/make -f CMakeFiles/cmTC_b310d.dir/build.make CMakeFiles/cmTC_b310d.dir/build]
  ignore line: [make[1]: Entering directory '/home/zatt/Documents/Git/Enigma/CMakeFiles/CMakeTmp']
  ignore line: [Building CXX object CMakeFiles/cmTC_b310d.dir/CMakeCXXCompilerABI.cpp.o]
  ignore line: [/usr/bin/c++     -o CMakeFiles/cmTC_b310d.dir/CMakeCXXCompilerABI.cpp.o -c /usr/share/cmake-3.13/Modules/CMakeCXXCompilerABI.cpp]
  ignore line: [Linking CXX executable cmTC_b310d]
  ignore line: [/usr/bin/cmake -E cmake_link_script CMakeFiles/cmTC_b310d.dir/link.txt --verbose=1]
  ignore line: [/usr/bin/c++      -v -rdynamic CMakeFiles/cmTC_b310d.dir/CMakeCXXCompilerABI.cpp.o  -o cmTC_b310d ]
  ignore line: [Using built-in specs.]
  ignore line: [COLLECT_GCC=/usr/bin/c++]
  ignore line: [COLLECT_LTO_WRAPPER=/usr/lib/gcc/x86_64-pc-linux-gnu/8.2.1/lto-wrapper]
  ignore line: [Target: x86_64-pc-linux-gnu]
  ignore line: [Configured with: /build/gcc/src/gcc/configure --prefix=/usr --libdir=/usr/lib --libexecdir=/usr/lib --mandir=/usr/share/man --infodir=/usr/share/info --with-bugurl=https://bugs.archlinux.org/ --enable-languages=c,c++,ada,fortran,go,lto,objc,obj-c++ --enable-shared --enable-threads=posix --enable-libmpx --with-system-zlib --with-isl --enable-__cxa_atexit --disable-libunwind-exceptions --enable-clocale=gnu --disable-libstdcxx-pch --disable-libssp --enable-gnu-unique-object --enable-linker-build-id --enable-lto --enable-plugin --enable-install-libiberty --with-linker-hash-style=gnu --enable-gnu-indirect-function --enable-multilib --disable-werror --enable-checking=release --enable-default-pie --enable-default-ssp --enable-cet=auto]
  ignore line: [Thread model: posix]
  ignore line: [gcc version 8.2.1 20181127 (GCC) ]
  ignore line: [COMPILER_PATH=/usr/lib/gcc/x86_64-pc-linux-gnu/8.2.1/:/usr/lib/gcc/x86_64-pc-linux-gnu/8.2.1/:/usr/lib/gcc/x86_64-pc-linux-gnu/:/usr/lib/gcc/x86_64-pc-linux-gnu/8.2.1/:/usr/lib/gcc/x86_64-pc-linux-gnu/]
  ignore line: [LIBRARY_PATH=/usr/lib/gcc/x86_64-pc-linux-gnu/8.2.1/:/usr/lib/gcc/x86_64-pc-linux-gnu/8.2.1/../../../../lib/:/lib/../lib/:/usr/lib/../lib/:/usr/lib/gcc/x86_64-pc-linux-gnu/8.2.1/../../../:/lib/:/usr/lib/]
  ignore line: [COLLECT_GCC_OPTIONS='-v' '-rdynamic' '-o' 'cmTC_b310d' '-shared-libgcc' '-mtune=generic' '-march=x86-64']
  link line: [ /usr/lib/gcc/x86_64-pc-linux-gnu/8.2.1/collect2 -plugin /usr/lib/gcc/x86_64-pc-linux-gnu/8.2.1/liblto_plugin.so -plugin-opt=/usr/lib/gcc/x86_64-pc-linux-gnu/8.2.1/lto-wrapper -plugin-opt=-fresolution=/tmp/ccC8BMMq.res -plugin-opt=-pass-through=-lgcc_s -plugin-opt=-pass-through=-lgcc -plugin-opt=-pass-through=-lc -plugin-opt=-pass-through=-lgcc_s -plugin-opt=-pass-through=-lgcc --build-id --eh-frame-hdr --hash-style=gnu -m elf_x86_64 -export-dynamic -dynamic-linker /lib64/ld-linux-x86-64.so.2 -pie -o cmTC_b310d /usr/lib/gcc/x86_64-pc-linux-gnu/8.2.1/../../../../lib/Scrt1.o /usr/lib/gcc/x86_64-pc-linux-gnu/8.2.1/../../../../lib/crti.o /usr/lib/gcc/x86_64-pc-linux-gnu/8.2.1/crtbeginS.o -L/usr/lib/gcc/x86_64-pc-linux-gnu/8.2.1 -L/usr/lib/gcc/x86_64-pc-linux-gnu/8.2.1/../../../../lib -L/lib/../lib -L/usr/lib/../lib -L/usr/lib/gcc/x86_64-pc-linux-gnu/8.2.1/../../.. CMakeFiles/cmTC_b310d.dir/CMakeCXXCompilerABI.cpp.o -lstdc++ -lm -lgcc_s -lgcc -lc -lgcc_s -lgcc /usr/lib/gcc/x86_64-pc-linux-gnu/8.2.1/crtendS.o /usr/lib/gcc/x86_64-pc-linux-gnu/8.2.1/../../../../lib/crtn.o]
    arg [/usr/lib/gcc/x86_64-pc-linux-gnu/8.2.1/collect2] ==> ignore
    arg [-plugin] ==> ignore
    arg [/usr/lib/gcc/x86_64-pc-linux-gnu/8.2.1/liblto_plugin.so] ==> ignore
    arg [-plugin-opt=/usr/lib/gcc/x86_64-pc-linux-gnu/8.2.1/lto-wrapper] ==> ignore
    arg [-plugin-opt=-fresolution=/tmp/ccC8BMMq.res] ==> ignore
    arg [-plugin-opt=-pass-through=-lgcc_s] ==> ignore
    arg [-plugin-opt=-pass-through=-lgcc] ==> ignore
    arg [-plugin-opt=-pass-through=-lc] ==> ignore
    arg [-plugin-opt=-pass-through=-lgcc_s] ==> ignore
    arg [-plugin-opt=-pass-through=-lgcc] ==> ignore
    arg [--build-id] ==> ignore
    arg [--eh-frame-hdr] ==> ignore
    arg [--hash-style=gnu] ==> ignore
    arg [-m] ==> ignore
    arg [elf_x86_64] ==> ignore
    arg [-export-dynamic] ==> ignore
    arg [-dynamic-linker] ==> ignore
    arg [/lib64/ld-linux-x86-64.so.2] ==> ignore
    arg [-pie] ==> ignore
    arg [-o] ==> ignore
    arg [cmTC_b310d] ==> ignore
    arg [/usr/lib/gcc/x86_64-pc-linux-gnu/8.2.1/../../../../lib/Scrt1.o] ==> ignore
    arg [/usr/lib/gcc/x86_64-pc-linux-gnu/8.2.1/../../../../lib/crti.o] ==> ignore
    arg [/usr/lib/gcc/x86_64-pc-linux-gnu/8.2.1/crtbeginS.o] ==> ignore
    arg [-L/usr/lib/gcc/x86_64-pc-linux-gnu/8.2.1] ==> dir [/usr/lib/gcc/x86_64-pc-linux-gnu/8.2.1]
    arg [-L/usr/lib/gcc/x86_64-pc-linux-gnu/8.2.1/../../../../lib] ==> dir [/usr/lib/gcc/x86_64-pc-linux-gnu/8.2.1/../../../../lib]
    arg [-L/lib/../lib] ==> dir [/lib/../lib]
    arg [-L/usr/lib/../lib] ==> dir [/usr/lib/../lib]
    arg [-L/usr/lib/gcc/x86_64-pc-linux-gnu/8.2.1/../../..] ==> dir [/usr/lib/gcc/x86_64-pc-linux-gnu/8.2.1/../../..]
    arg [CMakeFiles/cmTC_b310d.dir/CMakeCXXCompilerABI.cpp.o] ==> ignore
    arg [-lstdc++] ==> lib [stdc++]
    arg [-lm] ==> lib [m]
    arg [-lgcc_s] ==> lib [gcc_s]
    arg [-lgcc] ==> lib [gcc]
    arg [-lc] ==> lib [c]
    arg [-lgcc_s] ==> lib [gcc_s]
    arg [-lgcc] ==> lib [gcc]
    arg [/usr/lib/gcc/x86_64-pc-linux-gnu/8.2.1/crtendS.o] ==> ignore
    arg [/usr/lib/gcc/x86_64-pc-linux-gnu/8.2.1/../../../../lib/crtn.o] ==> ignore
  collapse library dir [/usr/lib/gcc/x86_64-pc-linux-gnu/8.2.1] ==> [/usr/lib/gcc/x86_64-pc-linux-gnu/8.2.1]
  collapse library dir [/usr/lib/gcc/x86_64-pc-linux-gnu/8.2.1/../../../../lib] ==> [/usr/lib]
  collapse library dir [/lib/../lib] ==> [/lib]
  collapse library dir [/usr/lib/../lib] ==> [/usr/lib]
  collapse library dir [/usr/lib/gcc/x86_64-pc-linux-gnu/8.2.1/../../..] ==> [/usr/lib]
  implicit libs: [stdc++;m;gcc_s;gcc;c;gcc_s;gcc]
  implicit dirs: [/usr/lib/gcc/x86_64-pc-linux-gnu/8.2.1;/usr/lib;/lib]
  implicit fwks: []




Detecting CXX [-std=c++2a] compiler features compiled with the following output:
Change Dir: /home/zatt/Documents/Git/Enigma/CMakeFiles/CMakeTmp

Run Build Command:"/usr/bin/make" "cmTC_34b23/fast"
/usr/bin/make -f CMakeFiles/cmTC_34b23.dir/build.make CMakeFiles/cmTC_34b23.dir/build
make[1]: Entering directory '/home/zatt/Documents/Git/Enigma/CMakeFiles/CMakeTmp'
Building CXX object CMakeFiles/cmTC_34b23.dir/feature_tests.cxx.o
/usr/bin/c++    -std=c++2a -o CMakeFiles/cmTC_34b23.dir/feature_tests.cxx.o -c /home/zatt/Documents/Git/Enigma/CMakeFiles/feature_tests.cxx
Linking CXX executable cmTC_34b23
/usr/bin/cmake -E cmake_link_script CMakeFiles/cmTC_34b23.dir/link.txt --verbose=1
/usr/bin/c++       -rdynamic CMakeFiles/cmTC_34b23.dir/feature_tests.cxx.o  -o cmTC_34b23 
make[1]: Leaving directory '/home/zatt/Documents/Git/Enigma/CMakeFiles/CMakeTmp'


    Feature record: CXX_FEATURE:1cxx_aggregate_default_initializers
    Feature record: CXX_FEATURE:1cxx_alias_templates
    Feature record: CXX_FEATURE:1cxx_alignas
    Feature record: CXX_FEATURE:1cxx_alignof
    Feature record: CXX_FEATURE:1cxx_attributes
    Feature record: CXX_FEATURE:1cxx_attribute_deprecated
    Feature record: CXX_FEATURE:1cxx_auto_type
    Feature record: CXX_FEATURE:1cxx_binary_literals
    Feature record: CXX_FEATURE:1cxx_constexpr
    Feature record: CXX_FEATURE:1cxx_contextual_conversions
    Feature record: CXX_FEATURE:1cxx_decltype
    Feature record: CXX_FEATURE:1cxx_decltype_auto
    Feature record: CXX_FEATURE:1cxx_decltype_incomplete_return_types
    Feature record: CXX_FEATURE:1cxx_default_function_template_args
    Feature record: CXX_FEATURE:1cxx_defaulted_functions
    Feature record: CXX_FEATURE:1cxx_defaulted_move_initializers
    Feature record: CXX_FEATURE:1cxx_delegating_constructors
    Feature record: CXX_FEATURE:1cxx_deleted_functions
    Feature record: CXX_FEATURE:1cxx_digit_separators
    Feature record: CXX_FEATURE:1cxx_enum_forward_declarations
    Feature record: CXX_FEATURE:1cxx_explicit_conversions
    Feature record: CXX_FEATURE:1cxx_extended_friend_declarations
    Feature record: CXX_FEATURE:1cxx_extern_templates
    Feature record: CXX_FEATURE:1cxx_final
    Feature record: CXX_FEATURE:1cxx_func_identifier
    Feature record: CXX_FEATURE:1cxx_generalized_initializers
    Feature record: CXX_FEATURE:1cxx_generic_lambdas
    Feature record: CXX_FEATURE:1cxx_inheriting_constructors
    Feature record: CXX_FEATURE:1cxx_inline_namespaces
    Feature record: CXX_FEATURE:1cxx_lambdas
    Feature record: CXX_FEATURE:1cxx_lambda_init_captures
    Feature record: CXX_FEATURE:1cxx_local_type_template_args
    Feature record: CXX_FEATURE:1cxx_long_long_type
    Feature record: CXX_FEATURE:1cxx_noexcept
    Feature record: CXX_FEATURE:1cxx_nonstatic_member_init
    Feature record: CXX_FEATURE:1cxx_nullptr
    Feature record: CXX_FEATURE:1cxx_override
    Feature record: CXX_FEATURE:1cxx_range_for
    Feature record: CXX_FEATURE:1cxx_raw_string_literals
    Feature record: CXX_FEATURE:1cxx_reference_qualified_functions
    Feature record: CXX_FEATURE:1cxx_relaxed_constexpr
    Feature record: CXX_FEATURE:1cxx_return_type_deduction
    Feature record: CXX_FEATURE:1cxx_right_angle_brackets
    Feature record: CXX_FEATURE:1cxx_rvalue_references
    Feature record: CXX_FEATURE:1cxx_sizeof_member
    Feature record: CXX_FEATURE:1cxx_static_assert
    Feature record: CXX_FEATURE:1cxx_strong_enums
    Feature record: CXX_FEATURE:1cxx_template_template_parameters
    Feature record: CXX_FEATURE:1cxx_thread_local
    Feature record: CXX_FEATURE:1cxx_trailing_return_types
    Feature record: CXX_FEATURE:1cxx_unicode_literals
    Feature record: CXX_FEATURE:1cxx_uniform_initialization
    Feature record: CXX_FEATURE:1cxx_unrestricted_unions
    Feature record: CXX_FEATURE:1cxx_user_literals
    Feature record: CXX_FEATURE:1cxx_variable_templates
    Feature record: CXX_FEATURE:1cxx_variadic_macros
    Feature record: CXX_FEATURE:1cxx_variadic_templates


Detecting CXX [-std=c++17] compiler features compiled with the following output:
Change Dir: /home/zatt/Documents/Git/Enigma/CMakeFiles/CMakeTmp

Run Build Command:"/usr/bin/make" "cmTC_4fb4a/fast"
/usr/bin/make -f CMakeFiles/cmTC_4fb4a.dir/build.make CMakeFiles/cmTC_4fb4a.dir/build
make[1]: Entering directory '/home/zatt/Documents/Git/Enigma/CMakeFiles/CMakeTmp'
Building CXX object CMakeFiles/cmTC_4fb4a.dir/feature_tests.cxx.o
/usr/bin/c++    -std=c++17 -o CMakeFiles/cmTC_4fb4a.dir/feature_tests.cxx.o -c /home/zatt/Documents/Git/Enigma/CMakeFiles/feature_tests.cxx
Linking CXX executable cmTC_4fb4a
/usr/bin/cmake -E cmake_link_script CMakeFiles/cmTC_4fb4a.dir/link.txt --verbose=1
/usr/bin/c++       -rdynamic CMakeFiles/cmTC_4fb4a.dir/feature_tests.cxx.o  -o cmTC_4fb4a 
make[1]: Leaving directory '/home/zatt/Documents/Git/Enigma/CMakeFiles/CMakeTmp'


    Feature record: CXX_FEATURE:1cxx_aggregate_default_initializers
    Feature record: CXX_FEATURE:1cxx_alias_templates
    Feature record: CXX_FEATURE:1cxx_alignas
    Feature record: CXX_FEATURE:1cxx_alignof
    Feature record: CXX_FEATURE:1cxx_attributes
    Feature record: CXX_FEATURE:1cxx_attribute_deprecated
    Feature record: CXX_FEATURE:1cxx_auto_type
    Feature record: CXX_FEATURE:1cxx_binary_literals
    Feature record: CXX_FEATURE:1cxx_constexpr
    Feature record: CXX_FEATURE:1cxx_contextual_conversions
    Feature record: CXX_FEATURE:1cxx_decltype
    Feature record: CXX_FEATURE:1cxx_decltype_auto
    Feature record: CXX_FEATURE:1cxx_decltype_incomplete_return_types
    Feature record: CXX_FEATURE:1cxx_default_function_template_args
    Feature record: CXX_FEATURE:1cxx_defaulted_functions
    Feature record: CXX_FEATURE:1cxx_defaulted_move_initializers
    Feature record: CXX_FEATURE:1cxx_delegating_constructors
    Feature record: CXX_FEATURE:1cxx_deleted_functions
    Feature record: CXX_FEATURE:1cxx_digit_separators
    Feature record: CXX_FEATURE:1cxx_enum_forward_declarations
    Feature record: CXX_FEATURE:1cxx_explicit_conversions
    Feature record: CXX_FEATURE:1cxx_extended_friend_declarations
    Feature record: CXX_FEATURE:1cxx_extern_templates
    Feature record: CXX_FEATURE:1cxx_final
    Feature record: CXX_FEATURE:1cxx_func_identifier
    Feature record: CXX_FEATURE:1cxx_generalized_initializers
    Feature record: CXX_FEATURE:1cxx_generic_lambdas
    Feature record: CXX_FEATURE:1cxx_inheriting_constructors
    Feature record: CXX_FEATURE:1cxx_inline_namespaces
    Feature record: CXX_FEATURE:1cxx_lambdas
    Feature record: CXX_FEATURE:1cxx_lambda_init_captures
    Feature record: CXX_FEATURE:1cxx_local_type_template_args
    Feature record: CXX_FEATURE:1cxx_long_long_type
    Feature record: CXX_FEATURE:1cxx_noexcept
    Feature record: CXX_FEATURE:1cxx_nonstatic_member_init
    Feature record: CXX_FEATURE:1cxx_nullptr
    Feature record: CXX_FEATURE:1cxx_override
    Feature record: CXX_FEATURE:1cxx_range_for
    Feature record: CXX_FEATURE:1cxx_raw_string_literals
    Feature record: CXX_FEATURE:1cxx_reference_qualified_functions
    Feature record: CXX_FEATURE:1cxx_relaxed_constexpr
    Feature record: CXX_FEATURE:1cxx_return_type_deduction
    Feature record: CXX_FEATURE:1cxx_right_angle_brackets
    Feature record: CXX_FEATURE:1cxx_rvalue_references
    Feature record: CXX_FEATURE:1cxx_sizeof_member
    Feature record: CXX_FEATURE:1cxx_static_assert
    Feature record: CXX_FEATURE:1cxx_strong_enums
    Feature record: CXX_FEATURE:1cxx_template_template_parameters
    Feature record: CXX_FEATURE:1cxx_thread_local
    Feature record: CXX_FEATURE:1cxx_trailing_return_types
    Feature record: CXX_FEATURE:1cxx_unicode_literals
    Feature record: CXX_FEATURE:1cxx_uniform_initialization
    Feature record: CXX_FEATURE:1cxx_unrestricted_unions
    Feature record: CXX_FEATURE:1cxx_user_literals
    Feature record: CXX_FEATURE:1cxx_variable_templates
    Feature record: CXX_FEATURE:1cxx_variadic_macros
    Feature record: CXX_FEATURE:1cxx_variadic_templates


Detecting CXX [-std=c++14] compiler features compiled with the following output:
Change Dir: /home/zatt/Documents/Git/Enigma/CMakeFiles/CMakeTmp

Run Build Command:"/usr/bin/make" "cmTC_62882/fast"
/usr/bin/make -f CMakeFiles/cmTC_62882.dir/build.make CMakeFiles/cmTC_62882.dir/build
make[1]: Entering directory '/home/zatt/Documents/Git/Enigma/CMakeFiles/CMakeTmp'
Building CXX object CMakeFiles/cmTC_62882.dir/feature_tests.cxx.o
/usr/bin/c++    -std=c++14 -o CMakeFiles/cmTC_62882.dir/feature_tests.cxx.o -c /home/zatt/Documents/Git/Enigma/CMakeFiles/feature_tests.cxx
Linking CXX executable cmTC_62882
/usr/bin/cmake -E cmake_link_script CMakeFiles/cmTC_62882.dir/link.txt --verbose=1
/usr/bin/c++       -rdynamic CMakeFiles/cmTC_62882.dir/feature_tests.cxx.o  -o cmTC_62882 
make[1]: Leaving directory '/home/zatt/Documents/Git/Enigma/CMakeFiles/CMakeTmp'


    Feature record: CXX_FEATURE:1cxx_aggregate_default_initializers
    Feature record: CXX_FEATURE:1cxx_alias_templates
    Feature record: CXX_FEATURE:1cxx_alignas
    Feature record: CXX_FEATURE:1cxx_alignof
    Feature record: CXX_FEATURE:1cxx_attributes
    Feature record: CXX_FEATURE:1cxx_attribute_deprecated
    Feature record: CXX_FEATURE:1cxx_auto_type
    Feature record: CXX_FEATURE:1cxx_binary_literals
    Feature record: CXX_FEATURE:1cxx_constexpr
    Feature record: CXX_FEATURE:1cxx_contextual_conversions
    Feature record: CXX_FEATURE:1cxx_decltype
    Feature record: CXX_FEATURE:1cxx_decltype_auto
    Feature record: CXX_FEATURE:1cxx_decltype_incomplete_return_types
    Feature record: CXX_FEATURE:1cxx_default_function_template_args
    Feature record: CXX_FEATURE:1cxx_defaulted_functions
    Feature record: CXX_FEATURE:1cxx_defaulted_move_initializers
    Feature record: CXX_FEATURE:1cxx_delegating_constructors
    Feature record: CXX_FEATURE:1cxx_deleted_functions
    Feature record: CXX_FEATURE:1cxx_digit_separators
    Feature record: CXX_FEATURE:1cxx_enum_forward_declarations
    Feature record: CXX_FEATURE:1cxx_explicit_conversions
    Feature record: CXX_FEATURE:1cxx_extended_friend_declarations
    Feature record: CXX_FEATURE:1cxx_extern_templates
    Feature record: CXX_FEATURE:1cxx_final
    Feature record: CXX_FEATURE:1cxx_func_identifier
    Feature record: CXX_FEATURE:1cxx_generalized_initializers
    Feature record: CXX_FEATURE:1cxx_generic_lambdas
    Feature record: CXX_FEATURE:1cxx_inheriting_constructors
    Feature record: CXX_FEATURE:1cxx_inline_namespaces
    Feature record: CXX_FEATURE:1cxx_lambdas
    Feature record: CXX_FEATURE:1cxx_lambda_init_captures
    Feature record: CXX_FEATURE:1cxx_local_type_template_args
    Feature record: CXX_FEATURE:1cxx_long_long_type
    Feature record: CXX_FEATURE:1cxx_noexcept
    Feature record: CXX_FEATURE:1cxx_nonstatic_member_init
    Feature record: CXX_FEATURE:1cxx_nullptr
    Feature record: CXX_FEATURE:1cxx_override
    Feature record: CXX_FEATURE:1cxx_range_for
    Feature record: CXX_FEATURE:1cxx_raw_string_literals
    Feature record: CXX_FEATURE:1cxx_reference_qualified_functions
    Feature record: CXX_FEATURE:1cxx_relaxed_constexpr
    Feature record: CXX_FEATURE:1cxx_return_type_deduction
    Feature record: CXX_FEATURE:1cxx_right_angle_brackets
    Feature record: CXX_FEATURE:1cxx_rvalue_references
    Feature record: CXX_FEATURE:1cxx_sizeof_member
    Feature record: CXX_FEATURE:1cxx_static_assert
    Feature record: CXX_FEATURE:1cxx_strong_enums
    Feature record: CXX_FEATURE:1cxx_template_template_parameters
    Feature record: CXX_FEATURE:1cxx_thread_local
    Feature record: CXX_FEATURE:1cxx_trailing_return_types
    Feature record: CXX_FEATURE:1cxx_unicode_literals
    Feature record: CXX_FEATURE:1cxx_uniform_initialization
    Feature record: CXX_FEATURE:1cxx_unrestricted_unions
    Feature record: CXX_FEATURE:1cxx_user_literals
    Feature record: CXX_FEATURE:1cxx_variable_templates
    Feature record: CXX_FEATURE:1cxx_variadic_macros
    Feature record: CXX_FEATURE:1cxx_variadic_templates


Detecting CXX [-std=c++11] compiler features compiled with the following output:
Change Dir: /home/zatt/Documents/Git/Enigma/CMakeFiles/CMakeTmp

Run Build Command:"/usr/bin/make" "cmTC_9d825/fast"
/usr/bin/make -f CMakeFiles/cmTC_9d825.dir/build.make CMakeFiles/cmTC_9d825.dir/build
make[1]: Entering directory '/home/zatt/Documents/Git/Enigma/CMakeFiles/CMakeTmp'
Building CXX object CMakeFiles/cmTC_9d825.dir/feature_tests.cxx.o
/usr/bin/c++    -std=c++11 -o CMakeFiles/cmTC_9d825.dir/feature_tests.cxx.o -c /home/zatt/Documents/Git/Enigma/CMakeFiles/feature_tests.cxx
Linking CXX executable cmTC_9d825
/usr/bin/cmake -E cmake_link_script CMakeFiles/cmTC_9d825.dir/link.txt --verbose=1
/usr/bin/c++       -rdynamic CMakeFiles/cmTC_9d825.dir/feature_tests.cxx.o  -o cmTC_9d825 
make[1]: Leaving directory '/home/zatt/Documents/Git/Enigma/CMakeFiles/CMakeTmp'


    Feature record: CXX_FEATURE:0cxx_aggregate_default_initializers
    Feature record: CXX_FEATURE:1cxx_alias_templates
    Feature record: CXX_FEATURE:1cxx_alignas
    Feature record: CXX_FEATURE:1cxx_alignof
    Feature record: CXX_FEATURE:1cxx_attributes
    Feature record: CXX_FEATURE:0cxx_attribute_deprecated
    Feature record: CXX_FEATURE:1cxx_auto_type
    Feature record: CXX_FEATURE:0cxx_binary_literals
    Feature record: CXX_FEATURE:1cxx_constexpr
    Feature record: CXX_FEATURE:0cxx_contextual_conversions
    Feature record: CXX_FEATURE:1cxx_decltype
    Feature record: CXX_FEATURE:0cxx_decltype_auto
    Feature record: CXX_FEATURE:1cxx_decltype_incomplete_return_types
    Feature record: CXX_FEATURE:1cxx_default_function_template_args
    Feature record: CXX_FEATURE:1cxx_defaulted_functions
    Feature record: CXX_FEATURE:1cxx_defaulted_move_initializers
    Feature record: CXX_FEATURE:1cxx_delegating_constructors
    Feature record: CXX_FEATURE:1cxx_deleted_functions
    Feature record: CXX_FEATURE:0cxx_digit_separators
    Feature record: CXX_FEATURE:1cxx_enum_forward_declarations
    Feature record: CXX_FEATURE:1cxx_explicit_conversions
    Feature record: CXX_FEATURE:1cxx_extended_friend_declarations
    Feature record: CXX_FEATURE:1cxx_extern_templates
    Feature record: CXX_FEATURE:1cxx_final
    Feature record: CXX_FEATURE:1cxx_func_identifier
    Feature record: CXX_FEATURE:1cxx_generalized_initializers
    Feature record: CXX_FEATURE:0cxx_generic_lambdas
    Feature record: CXX_FEATURE:1cxx_inheriting_constructors
    Feature record: CXX_FEATURE:1cxx_inline_namespaces
    Feature record: CXX_FEATURE:1cxx_lambdas
    Feature record: CXX_FEATURE:0cxx_lambda_init_captures
    Feature record: CXX_FEATURE:1cxx_local_type_template_args
    Feature record: CXX_FEATURE:1cxx_long_long_type
    Feature record: CXX_FEATURE:1cxx_noexcept
    Feature record: CXX_FEATURE:1cxx_nonstatic_member_init
    Feature record: CXX_FEATURE:1cxx_nullptr
    Feature record: CXX_FEATURE:1cxx_override
    Feature record: CXX_FEATURE:1cxx_range_for
    Feature record: CXX_FEATURE:1cxx_raw_string_literals
    Feature record: CXX_FEATURE:1cxx_reference_qualified_functions
    Feature record: CXX_FEATURE:0cxx_relaxed_constexpr
    Feature record: CXX_FEATURE:0cxx_return_type_deduction
    Feature record: CXX_FEATURE:1cxx_right_angle_brackets
    Feature record: CXX_FEATURE:1cxx_rvalue_references
    Feature record: CXX_FEATURE:1cxx_sizeof_member
    Feature record: CXX_FEATURE:1cxx_static_assert
    Feature record: CXX_FEATURE:1cxx_strong_enums
    Feature record: CXX_FEATURE:1cxx_template_template_parameters
    Feature record: CXX_FEATURE:1cxx_thread_local
    Feature record: CXX_FEATURE:1cxx_trailing_return_types
    Feature record: CXX_FEATURE:1cxx_unicode_literals
    Feature record: CXX_FEATURE:1cxx_uniform_initialization
    Feature record: CXX_FEATURE:1cxx_unrestricted_unions
    Feature record: CXX_FEATURE:1cxx_user_literals
    Feature record: CXX_FEATURE:0cxx_variable_templates
    Feature record: CXX_FEATURE:1cxx_variadic_macros
    Feature record: CXX_FEATURE:1cxx_variadic_templates


Detecting CXX [-std=c++98] compiler features compiled with the following output:
Change Dir: /home/zatt/Documents/Git/Enigma/CMakeFiles/CMakeTmp

Run Build Command:"/usr/bin/make" "cmTC_329c0/fast"
/usr/bin/make -f CMakeFiles/cmTC_329c0.dir/build.make CMakeFiles/cmTC_329c0.dir/build
make[1]: Entering directory '/home/zatt/Documents/Git/Enigma/CMakeFiles/CMakeTmp'
Building CXX object CMakeFiles/cmTC_329c0.dir/feature_tests.cxx.o
/usr/bin/c++    -std=c++98 -o CMakeFiles/cmTC_329c0.dir/feature_tests.cxx.o -c /home/zatt/Documents/Git/Enigma/CMakeFiles/feature_tests.cxx
Linking CXX executable cmTC_329c0
/usr/bin/cmake -E cmake_link_script CMakeFiles/cmTC_329c0.dir/link.txt --verbose=1
/usr/bin/c++       -rdynamic CMakeFiles/cmTC_329c0.dir/feature_tests.cxx.o  -o cmTC_329c0 
make[1]: Leaving directory '/home/zatt/Documents/Git/Enigma/CMakeFiles/CMakeTmp'


    Feature record: CXX_FEATURE:0cxx_aggregate_default_initializers
    Feature record: CXX_FEATURE:0cxx_alias_templates
    Feature record: CXX_FEATURE:0cxx_alignas
    Feature record: CXX_FEATURE:0cxx_alignof
    Feature record: CXX_FEATURE:0cxx_attributes
    Feature record: CXX_FEATURE:0cxx_attribute_deprecated
    Feature record: CXX_FEATURE:0cxx_auto_type
    Feature record: CXX_FEATURE:0cxx_binary_literals
    Feature record: CXX_FEATURE:0cxx_constexpr
    Feature record: CXX_FEATURE:0cxx_contextual_conversions
    Feature record: CXX_FEATURE:0cxx_decltype
    Feature record: CXX_FEATURE:0cxx_decltype_auto
    Feature record: CXX_FEATURE:0cxx_decltype_incomplete_return_types
    Feature record: CXX_FEATURE:0cxx_default_function_template_args
    Feature record: CXX_FEATURE:0cxx_defaulted_functions
    Feature record: CXX_FEATURE:0cxx_defaulted_move_initializers
    Feature record: CXX_FEATURE:0cxx_delegating_constructors
    Feature record: CXX_FEATURE:0cxx_deleted_functions
    Feature record: CXX_FEATURE:0cxx_digit_separators
    Feature record: CXX_FEATURE:0cxx_enum_forward_declarations
    Feature record: CXX_FEATURE:0cxx_explicit_conversions
    Feature record: CXX_FEATURE:0cxx_extended_friend_declarations
    Feature record: CXX_FEATURE:0cxx_extern_templates
    Feature record: CXX_FEATURE:0cxx_final
    Feature record: CXX_FEATURE:0cxx_func_identifier
    Feature record: CXX_FEATURE:0cxx_generalized_initializers
    Feature record: CXX_FEATURE:0cxx_generic_lambdas
    Feature record: CXX_FEATURE:0cxx_inheriting_constructors
    Feature record: CXX_FEATURE:0cxx_inline_namespaces
    Feature record: CXX_FEATURE:0cxx_lambdas
    Feature record: CXX_FEATURE:0cxx_lambda_init_captures
    Feature record: CXX_FEATURE:0cxx_local_type_template_args
    Feature record: CXX_FEATURE:0cxx_long_long_type
    Feature record: CXX_FEATURE:0cxx_noexcept
    Feature record: CXX_FEATURE:0cxx_nonstatic_member_init
    Feature record: CXX_FEATURE:0cxx_nullptr
    Feature record: CXX_FEATURE:0cxx_override
    Feature record: CXX_FEATURE:0cxx_range_for
    Feature record: CXX_FEATURE:0cxx_raw_string_literals
    Feature record: CXX_FEATURE:0cxx_reference_qualified_functions
    Feature record: CXX_FEATURE:0cxx_relaxed_constexpr
    Feature record: CXX_FEATURE:0cxx_return_type_deduction
    Feature record: CXX_FEATURE:0cxx_right_angle_brackets
    Feature record: CXX_FEATURE:0cxx_rvalue_references
    Feature record: CXX_FEATURE:0cxx_sizeof_member
    Feature record: CXX_FEATURE:0cxx_static_assert
    Feature record: CXX_FEATURE:0cxx_strong_enums
    Feature record: CXX_FEATURE:1cxx_template_template_parameters
    Feature record: CXX_FEATURE:0cxx_thread_local
    Feature record: CXX_FEATURE:0cxx_trailing_return_types
    Feature record: CXX_FEATURE:0cxx_unicode_literals
    Feature record: CXX_FEATURE:0cxx_uniform_initialization
    Feature record: CXX_FEATURE:0cxx_unrestricted_unions
    Feature record: CXX_FEATURE:0cxx_user_literals
    Feature record: CXX_FEATURE:0cxx_variable_templates
    Feature record: CXX_FEATURE:0cxx_variadic_macros
    Feature record: CXX_FEATURE:0cxx_variadic_templates
The system is: Linux - /bin/sh: /usr/bin/uname: No such file or directory - unknown
Compiling the C compiler identification source file "CMakeCCompilerId.c" succeeded.
Compiler: /usr/bin/cc 
Build flags: 
Id flags:  

The output was:
0


Compilation of the C compiler identification source "CMakeCCompilerId.c" produced "a.out"

The C compiler identification is GNU, found in "/home/zatt/Documents/Git/Enigma/CMakeFiles/3.13.2/CompilerIdC/a.out"

Compiling the CXX compiler identification source file "CMakeCXXCompilerId.cpp" succeeded.
Compiler: /usr/bin/c++ 
Build flags: 
Id flags:  

The output was:
0


Compilation of the CXX compiler identification source "CMakeCXXCompilerId.cpp" produced "a.out"

The CXX compiler identification is GNU, found in "/home/zatt/Documents/Git/Enigma/CMakeFiles/3.13.2/CompilerIdCXX/a.out"

Determining if the C compiler works passed with the following output:
Change Dir: /home/zatt/Documents/Git/Enigma/CMakeFiles/CMakeTmp

Run Build Command:"/usr/bin/make" "cmTC_facd6/fast"
/usr/bin/make -f CMakeFiles/cmTC_facd6.dir/build.make CMakeFiles/cmTC_facd6.dir/build
make[1]: Entering directory '/home/zatt/Documents/Git/Enigma/CMakeFiles/CMakeTmp'
Building C object CMakeFiles/cmTC_facd6.dir/testCCompiler.c.o
/usr/bin/cc    -o CMakeFiles/cmTC_facd6.dir/testCCompiler.c.o   -c /home/zatt/Documents/Git/Enigma/CMakeFiles/CMakeTmp/testCCompiler.c
Linking C executable cmTC_facd6
/usr/bin/cmake -E cmake_link_script CMakeFiles/cmTC_facd6.dir/link.txt --verbose=1
/usr/bin/cc      -rdynamic CMakeFiles/cmTC_facd6.dir/testCCompiler.c.o  -o cmTC_facd6 
make[1]: Leaving directory '/home/zatt/Documents/Git/Enigma/CMakeFiles/CMakeTmp'


Detecting C compiler ABI info compiled with the following output:
Change Dir: /home/zatt/Documents/Git/Enigma/CMakeFiles/CMakeTmp

Run Build Command:"/usr/bin/make" "cmTC_35b76/fast"
/usr/bin/make -f CMakeFiles/cmTC_35b76.dir/build.make CMakeFiles/cmTC_35b76.dir/build
make[1]: Entering directory '/home/zatt/Documents/Git/Enigma/CMakeFiles/CMakeTmp'
Building C object CMakeFiles/cmTC_35b76.dir/CMakeCCompilerABI.c.o
/usr/bin/cc    -o CMakeFiles/cmTC_35b76.dir/CMakeCCompilerABI.c.o   -c /usr/share/cmake-3.13/Modules/CMakeCCompilerABI.c
Linking C executable cmTC_35b76
/usr/bin/cmake -E cmake_link_script CMakeFiles/cmTC_35b76.dir/link.txt --verbose=1
/usr/bin/cc     -v -rdynamic CMakeFiles/cmTC_35b76.dir/CMakeCCompilerABI.c.o  -o cmTC_35b76 
Using built-in specs.
COLLECT_GCC=/usr/bin/cc
COLLECT_LTO_WRAPPER=/usr/lib64/gcc/x86_64-solus-linux/8.2.0/lto-wrapper
Target: x86_64-solus-linux
Configured with: ../configure --prefix=/usr --with-pkgversion=Solus --libdir=/usr/lib64 --libexecdir=/usr/lib64 --with-system-zlib --enable-shared --enable-threads=posix --enable-gnu-indirect-function --enable-__cxa_atexit --enable-plugin --enable-gold --enable-ld=default --enable-clocale=gnu --enable-multilib --with-multilib-list=m32,m64 --enable-lto --with-bugurl=https://dev.solus-project.com/ --with-arch_32=i686 --enable-linker-build-id --with-linker-hash-style=gnu --with-gnu-ld --build=x86_64-solus-linux --target=x86_64-solus-linux --enable-languages=c,c++,fortran
Thread model: posix
gcc version 8.2.0 (Solus) 
COMPILER_PATH=/usr/lib64/gcc/x86_64-solus-linux/8.2.0/:/usr/lib64/gcc/x86_64-solus-linux/8.2.0/:/usr/lib64/gcc/x86_64-solus-linux/:/usr/lib64/gcc/x86_64-solus-linux/8.2.0/:/usr/lib64/gcc/x86_64-solus-linux/
LIBRARY_PATH=/usr/lib64/gcc/x86_64-solus-linux/8.2.0/:/usr/lib64/gcc/x86_64-solus-linux/8.2.0/../../../../lib64/:/lib/../lib64/:/usr/lib/../lib64/:/usr/lib64/gcc/x86_64-solus-linux/8.2.0/../../../:/lib/:/usr/lib/
COLLECT_GCC_OPTIONS='-v' '-rdynamic' '-o' 'cmTC_35b76' '-mtune=generic' '-march=x86-64'
 /usr/lib64/gcc/x86_64-solus-linux/8.2.0/collect2 -plugin /usr/lib64/gcc/x86_64-solus-linux/8.2.0/liblto_plugin.so -plugin-opt=/usr/lib64/gcc/x86_64-solus-linux/8.2.0/lto-wrapper -plugin-opt=-fresolution=/tmp/ccIkbXtw.res -plugin-opt=-pass-through=-lgcc -plugin-opt=-pass-through=-lgcc_s -plugin-opt=-pass-through=-lc -plugin-opt=-pass-through=-lgcc -plugin-opt=-pass-through=-lgcc_s --build-id --eh-frame-hdr --hash-style=gnu -m elf_x86_64 -export-dynamic -dynamic-linker /usr/lib64/ld-linux-x86-64.so.2 -o cmTC_35b76 /usr/lib64/gcc/x86_64-solus-linux/8.2.0/../../../../lib64/crt1.o /usr/lib64/gcc/x86_64-solus-linux/8.2.0/../../../../lib64/crti.o /usr/lib64/gcc/x86_64-solus-linux/8.2.0/crtbegin.o -L/usr/lib64/gcc/x86_64-solus-linux/8.2.0 -L/usr/lib64/gcc/x86_64-solus-linux/8.2.0/../../../../lib64 -L/lib/../lib64 -L/usr/lib/../lib64 -L/usr/lib64/gcc/x86_64-solus-linux/8.2.0/../../.. CMakeFiles/cmTC_35b76.dir/CMakeCCompilerABI.c.o -lgcc --as-needed -lgcc_s --no-as-needed -lc -lgcc --as-needed -lgcc_s --no-as-needed /usr/lib64/gcc/x86_64-solus-linux/8.2.0/crtend.o /usr/lib64/gcc/x86_64-solus-linux/8.2.0/../../../../lib64/crtn.o
COLLECT_GCC_OPTIONS='-v' '-rdynamic' '-o' 'cmTC_35b76' '-mtune=generic' '-march=x86-64'
make[1]: Leaving directory '/home/zatt/Documents/Git/Enigma/CMakeFiles/CMakeTmp'


Parsed C implicit link information from above output:
  link line regex: [^( *|.*[/\])(ld|CMAKE_LINK_STARTFILE-NOTFOUND|([^/\]+-)?ld|collect2)[^/\]*( |$)]
  ignore line: [Change Dir: /home/zatt/Documents/Git/Enigma/CMakeFiles/CMakeTmp]
  ignore line: []
  ignore line: [Run Build Command:"/usr/bin/make" "cmTC_35b76/fast"]
  ignore line: [/usr/bin/make -f CMakeFiles/cmTC_35b76.dir/build.make CMakeFiles/cmTC_35b76.dir/build]
  ignore line: [make[1]: Entering directory '/home/zatt/Documents/Git/Enigma/CMakeFiles/CMakeTmp']
  ignore line: [Building C object CMakeFiles/cmTC_35b76.dir/CMakeCCompilerABI.c.o]
  ignore line: [/usr/bin/cc    -o CMakeFiles/cmTC_35b76.dir/CMakeCCompilerABI.c.o   -c /usr/share/cmake-3.13/Modules/CMakeCCompilerABI.c]
  ignore line: [Linking C executable cmTC_35b76]
  ignore line: [/usr/bin/cmake -E cmake_link_script CMakeFiles/cmTC_35b76.dir/link.txt --verbose=1]
  ignore line: [/usr/bin/cc     -v -rdynamic CMakeFiles/cmTC_35b76.dir/CMakeCCompilerABI.c.o  -o cmTC_35b76 ]
  ignore line: [Using built-in specs.]
  ignore line: [COLLECT_GCC=/usr/bin/cc]
  ignore line: [COLLECT_LTO_WRAPPER=/usr/lib64/gcc/x86_64-solus-linux/8.2.0/lto-wrapper]
  ignore line: [Target: x86_64-solus-linux]
  ignore line: [Configured with: ../configure --prefix=/usr --with-pkgversion=Solus --libdir=/usr/lib64 --libexecdir=/usr/lib64 --with-system-zlib --enable-shared --enable-threads=posix --enable-gnu-indirect-function --enable-__cxa_atexit --enable-plugin --enable-gold --enable-ld=default --enable-clocale=gnu --enable-multilib --with-multilib-list=m32,m64 --enable-lto --with-bugurl=https://dev.solus-project.com/ --with-arch_32=i686 --enable-linker-build-id --with-linker-hash-style=gnu --with-gnu-ld --build=x86_64-solus-linux --target=x86_64-solus-linux --enable-languages=c,c++,fortran]
  ignore line: [Thread model: posix]
  ignore line: [gcc version 8.2.0 (Solus) ]
  ignore line: [COMPILER_PATH=/usr/lib64/gcc/x86_64-solus-linux/8.2.0/:/usr/lib64/gcc/x86_64-solus-linux/8.2.0/:/usr/lib64/gcc/x86_64-solus-linux/:/usr/lib64/gcc/x86_64-solus-linux/8.2.0/:/usr/lib64/gcc/x86_64-solus-linux/]
  ignore line: [LIBRARY_PATH=/usr/lib64/gcc/x86_64-solus-linux/8.2.0/:/usr/lib64/gcc/x86_64-solus-linux/8.2.0/../../../../lib64/:/lib/../lib64/:/usr/lib/../lib64/:/usr/lib64/gcc/x86_64-solus-linux/8.2.0/../../../:/lib/:/usr/lib/]
  ignore line: [COLLECT_GCC_OPTIONS='-v' '-rdynamic' '-o' 'cmTC_35b76' '-mtune=generic' '-march=x86-64']
  link line: [ /usr/lib64/gcc/x86_64-solus-linux/8.2.0/collect2 -plugin /usr/lib64/gcc/x86_64-solus-linux/8.2.0/liblto_plugin.so -plugin-opt=/usr/lib64/gcc/x86_64-solus-linux/8.2.0/lto-wrapper -plugin-opt=-fresolution=/tmp/ccIkbXtw.res -plugin-opt=-pass-through=-lgcc -plugin-opt=-pass-through=-lgcc_s -plugin-opt=-pass-through=-lc -plugin-opt=-pass-through=-lgcc -plugin-opt=-pass-through=-lgcc_s --build-id --eh-frame-hdr --hash-style=gnu -m elf_x86_64 -export-dynamic -dynamic-linker /usr/lib64/ld-linux-x86-64.so.2 -o cmTC_35b76 /usr/lib64/gcc/x86_64-solus-linux/8.2.0/../../../../lib64/crt1.o /usr/lib64/gcc/x86_64-solus-linux/8.2.0/../../../../lib64/crti.o /usr/lib64/gcc/x86_64-solus-linux/8.2.0/crtbegin.o -L/usr/lib64/gcc/x86_64-solus-linux/8.2.0 -L/usr/lib64/gcc/x86_64-solus-linux/8.2.0/../../../../lib64 -L/lib/../lib64 -L/usr/lib/../lib64 -L/usr/lib64/gcc/x86_64-solus-linux/8.2.0/../../.. CMakeFiles/cmTC_35b76.dir/CMakeCCompilerABI.c.o -lgcc --as-needed -lgcc_s --no-as-needed -lc -lgcc --as-needed -lgcc_s --no-as-needed /usr/lib64/gcc/x86_64-solus-linux/8.2.0/crtend.o /usr/lib64/gcc/x86_64-solus-linux/8.2.0/../../../../lib64/crtn.o]
    arg [/usr/lib64/gcc/x86_64-solus-linux/8.2.0/collect2] ==> ignore
    arg [-plugin] ==> ignore
    arg [/usr/lib64/gcc/x86_64-solus-linux/8.2.0/liblto_plugin.so] ==> ignore
    arg [-plugin-opt=/usr/lib64/gcc/x86_64-solus-linux/8.2.0/lto-wrapper] ==> ignore
    arg [-plugin-opt=-fresolution=/tmp/ccIkbXtw.res] ==> ignore
    arg [-plugin-opt=-pass-through=-lgcc] ==> ignore
    arg [-plugin-opt=-pass-through=-lgcc_s] ==> ignore
    arg [-plugin-opt=-pass-through=-lc] ==> ignore
    arg [-plugin-opt=-pass-through=-lgcc] ==> ignore
    arg [-plugin-opt=-pass-through=-lgcc_s] ==> ignore
    arg [--build-id] ==> ignore
    arg [--eh-frame-hdr] ==> ignore
    arg [--hash-style=gnu] ==> ignore
    arg [-m] ==> ignore
    arg [elf_x86_64] ==> ignore
    arg [-export-dynamic] ==> ignore
    arg [-dynamic-linker] ==> ignore
    arg [/usr/lib64/ld-linux-x86-64.so.2] ==> ignore
    arg [-o] ==> ignore
    arg [cmTC_35b76] ==> ignore
    arg [/usr/lib64/gcc/x86_64-solus-linux/8.2.0/../../../../lib64/crt1.o] ==> ignore
    arg [/usr/lib64/gcc/x86_64-solus-linux/8.2.0/../../../../lib64/crti.o] ==> ignore
    arg [/usr/lib64/gcc/x86_64-solus-linux/8.2.0/crtbegin.o] ==> ignore
    arg [-L/usr/lib64/gcc/x86_64-solus-linux/8.2.0] ==> dir [/usr/lib64/gcc/x86_64-solus-linux/8.2.0]
    arg [-L/usr/lib64/gcc/x86_64-solus-linux/8.2.0/../../../../lib64] ==> dir [/usr/lib64/gcc/x86_64-solus-linux/8.2.0/../../../../lib64]
    arg [-L/lib/../lib64] ==> dir [/lib/../lib64]
    arg [-L/usr/lib/../lib64] ==> dir [/usr/lib/../lib64]
    arg [-L/usr/lib64/gcc/x86_64-solus-linux/8.2.0/../../..] ==> dir [/usr/lib64/gcc/x86_64-solus-linux/8.2.0/../../..]
    arg [CMakeFiles/cmTC_35b76.dir/CMakeCCompilerABI.c.o] ==> ignore
    arg [-lgcc] ==> lib [gcc]
    arg [--as-needed] ==> ignore
    arg [-lgcc_s] ==> lib [gcc_s]
    arg [--no-as-needed] ==> ignore
    arg [-lc] ==> lib [c]
    arg [-lgcc] ==> lib [gcc]
    arg [--as-needed] ==> ignore
    arg [-lgcc_s] ==> lib [gcc_s]
    arg [--no-as-needed] ==> ignore
    arg [/usr/lib64/gcc/x86_64-solus-linux/8.2.0/crtend.o] ==> ignore
    arg [/usr/lib64/gcc/x86_64-solus-linux/8.2.0/../../../../lib64/crtn.o] ==> ignore
  collapse library dir [/usr/lib64/gcc/x86_64-solus-linux/8.2.0] ==> [/usr/lib64/gcc/x86_64-solus-linux/8.2.0]
  collapse library dir [/usr/lib64/gcc/x86_64-solus-linux/8.2.0/../../../../lib64] ==> [/usr/lib64]
  collapse library dir [/lib/../lib64] ==> [/lib64]
  collapse library dir [/usr/lib/../lib64] ==> [/usr/lib64]
  collapse library dir [/usr/lib64/gcc/x86_64-solus-linux/8.2.0/../../..] ==> [/usr/lib64]
  implicit libs: [gcc;gcc_s;c;gcc;gcc_s]
  implicit dirs: [/usr/lib64/gcc/x86_64-solus-linux/8.2.0;/usr/lib64;/lib64]
  implicit fwks: []




Detecting C [-std=c11] compiler features compiled with the following output:
Change Dir: /home/zatt/Documents/Git/Enigma/CMakeFiles/CMakeTmp

Run Build Command:"/usr/bin/make" "cmTC_3e6e2/fast"
/usr/bin/make -f CMakeFiles/cmTC_3e6e2.dir/build.make CMakeFiles/cmTC_3e6e2.dir/build
make[1]: Entering directory '/home/zatt/Documents/Git/Enigma/CMakeFiles/CMakeTmp'
Building C object CMakeFiles/cmTC_3e6e2.dir/feature_tests.c.o
/usr/bin/cc   -std=c11 -o CMakeFiles/cmTC_3e6e2.dir/feature_tests.c.o   -c /home/zatt/Documents/Git/Enigma/CMakeFiles/feature_tests.c
Linking C executable cmTC_3e6e2
/usr/bin/cmake -E cmake_link_script CMakeFiles/cmTC_3e6e2.dir/link.txt --verbose=1
/usr/bin/cc      -rdynamic CMakeFiles/cmTC_3e6e2.dir/feature_tests.c.o  -o cmTC_3e6e2 
make[1]: Leaving directory '/home/zatt/Documents/Git/Enigma/CMakeFiles/CMakeTmp'


    Feature record: C_FEATURE:1c_function_prototypes
    Feature record: C_FEATURE:1c_restrict
    Feature record: C_FEATURE:1c_static_assert
    Feature record: C_FEATURE:1c_variadic_macros


Detecting C [-std=c99] compiler features compiled with the following output:
Change Dir: /home/zatt/Documents/Git/Enigma/CMakeFiles/CMakeTmp

Run Build Command:"/usr/bin/make" "cmTC_4b223/fast"
/usr/bin/make -f CMakeFiles/cmTC_4b223.dir/build.make CMakeFiles/cmTC_4b223.dir/build
make[1]: Entering directory '/home/zatt/Documents/Git/Enigma/CMakeFiles/CMakeTmp'
Building C object CMakeFiles/cmTC_4b223.dir/feature_tests.c.o
/usr/bin/cc   -std=c99 -o CMakeFiles/cmTC_4b223.dir/feature_tests.c.o   -c /home/zatt/Documents/Git/Enigma/CMakeFiles/feature_tests.c
Linking C executable cmTC_4b223
/usr/bin/cmake -E cmake_link_script CMakeFiles/cmTC_4b223.dir/link.txt --verbose=1
/usr/bin/cc      -rdynamic CMakeFiles/cmTC_4b223.dir/feature_tests.c.o  -o cmTC_4b223 
make[1]: Leaving directory '/home/zatt/Documents/Git/Enigma/CMakeFiles/CMakeTmp'


    Feature record: C_FEATURE:1c_function_prototypes
    Feature record: C_FEATURE:1c_restrict
    Feature record: C_FEATURE:0c_static_assert
    Feature record: C_FEATURE:1c_variadic_macros


Detecting C [-std=c90] compiler features compiled with the following output:
Change Dir: /home/zatt/Documents/Git/Enigma/CMakeFiles/CMakeTmp

Run Build Command:"/usr/bin/make" "cmTC_d7b14/fast"
/usr/bin/make -f CMakeFiles/cmTC_d7b14.dir/build.make CMakeFiles/cmTC_d7b14.dir/build
make[1]: Entering directory '/home/zatt/Documents/Git/Enigma/CMakeFiles/CMakeTmp'
Building C object CMakeFiles/cmTC_d7b14.dir/feature_tests.c.o
/usr/bin/cc   -std=c90 -o CMakeFiles/cmTC_d7b14.dir/feature_tests.c.o   -c /home/zatt/Documents/Git/Enigma/CMakeFiles/feature_tests.c
Linking C executable cmTC_d7b14
/usr/bin/cmake -E cmake_link_script CMakeFiles/cmTC_d7b14.dir/link.txt --verbose=1
/usr/bin/cc      -rdynamic CMakeFiles/cmTC_d7b14.dir/feature_tests.c.o  -o cmTC_d7b14 
make[1]: Leaving directory '/home/zatt/Documents/Git/Enigma/CMakeFiles/CMakeTmp'


    Feature record: C_FEATURE:1c_function_prototypes
    Feature record: C_FEATURE:0c_restrict
    Feature record: C_FEATURE:0c_static_assert
    Feature record: C_FEATURE:0c_variadic_macros
Determining if the CXX compiler works passed with the following output:
Change Dir: /home/zatt/Documents/Git/Enigma/CMakeFiles/CMakeTmp

Run Build Command:"/usr/bin/make" "cmTC_60395/fast"
/usr/bin/make -f CMakeFiles/cmTC_60395.dir/build.make CMakeFiles/cmTC_60395.dir/build
make[1]: Entering directory '/home/zatt/Documents/Git/Enigma/CMakeFiles/CMakeTmp'
Building CXX object CMakeFiles/cmTC_60395.dir/testCXXCompiler.cxx.o
/usr/bin/c++     -o CMakeFiles/cmTC_60395.dir/testCXXCompiler.cxx.o -c /home/zatt/Documents/Git/Enigma/CMakeFiles/CMakeTmp/testCXXCompiler.cxx
Linking CXX executable cmTC_60395
/usr/bin/cmake -E cmake_link_script CMakeFiles/cmTC_60395.dir/link.txt --verbose=1
/usr/bin/c++       -rdynamic CMakeFiles/cmTC_60395.dir/testCXXCompiler.cxx.o  -o cmTC_60395 
make[1]: Leaving directory '/home/zatt/Documents/Git/Enigma/CMakeFiles/CMakeTmp'


Detecting CXX compiler ABI info compiled with the following output:
Change Dir: /home/zatt/Documents/Git/Enigma/CMakeFiles/CMakeTmp

Run Build Command:"/usr/bin/make" "cmTC_a88be/fast"
/usr/bin/make -f CMakeFiles/cmTC_a88be.dir/build.make CMakeFiles/cmTC_a88be.dir/build
make[1]: Entering directory '/home/zatt/Documents/Git/Enigma/CMakeFiles/CMakeTmp'
Building CXX object CMakeFiles/cmTC_a88be.dir/CMakeCXXCompilerABI.cpp.o
/usr/bin/c++     -o CMakeFiles/cmTC_a88be.dir/CMakeCXXCompilerABI.cpp.o -c /usr/share/cmake-3.13/Modules/CMakeCXXCompilerABI.cpp
Linking CXX executable cmTC_a88be
/usr/bin/cmake -E cmake_link_script CMakeFiles/cmTC_a88be.dir/link.txt --verbose=1
/usr/bin/c++      -v -rdynamic CMakeFiles/cmTC_a88be.dir/CMakeCXXCompilerABI.cpp.o  -o cmTC_a88be 
Using built-in specs.
COLLECT_GCC=/usr/bin/c++
COLLECT_LTO_WRAPPER=/usr/lib64/gcc/x86_64-solus-linux/8.2.0/lto-wrapper
Target: x86_64-solus-linux
Configured with: ../configure --prefix=/usr --with-pkgversion=Solus --libdir=/usr/lib64 --libexecdir=/usr/lib64 --with-system-zlib --enable-shared --enable-threads=posix --enable-gnu-indirect-function --enable-__cxa_atexit --enable-plugin --enable-gold --enable-ld=default --enable-clocale=gnu --enable-multilib --with-multilib-list=m32,m64 --enable-lto --with-bugurl=https://dev.solus-project.com/ --with-arch_32=i686 --enable-linker-build-id --with-linker-hash-style=gnu --with-gnu-ld --build=x86_64-solus-linux --target=x86_64-solus-linux --enable-languages=c,c++,fortran
Thread model: posix
gcc version 8.2.0 (Solus) 
COMPILER_PATH=/usr/lib64/gcc/x86_64-solus-linux/8.2.0/:/usr/lib64/gcc/x86_64-solus-linux/8.2.0/:/usr/lib64/gcc/x86_64-solus-linux/:/usr/lib64/gcc/x86_64-solus-linux/8.2.0/:/usr/lib64/gcc/x86_64-solus-linux/
LIBRARY_PATH=/usr/lib64/gcc/x86_64-solus-linux/8.2.0/:/usr/lib64/gcc/x86_64-solus-linux/8.2.0/../../../../lib64/:/lib/../lib64/:/usr/lib/../lib64/:/usr/lib64/gcc/x86_64-solus-linux/8.2.0/../../../:/lib/:/usr/lib/
COLLECT_GCC_OPTIONS='-v' '-rdynamic' '-o' 'cmTC_a88be' '-shared-libgcc' '-mtune=generic' '-march=x86-64'
 /usr/lib64/gcc/x86_64-solus-linux/8.2.0/collect2 -plugin /usr/lib64/gcc/x86_64-solus-linux/8.2.0/liblto_plugin.so -plugin-opt=/usr/lib64/gcc/x86_64-solus-linux/8.2.0/lto-wrapper -plugin-opt=-fresolution=/tmp/cckaNxpQ.res -plugin-opt=-pass-through=-lgcc_s -plugin-opt=-pass-through=-lgcc -plugin-opt=-pass-through=-lc -plugin-opt=-pass-through=-lgcc_s -plugin-opt=-pass-through=-lgcc --build-id --eh-frame-hdr --hash-style=gnu -m elf_x86_64 -export-dynamic -dynamic-linker /usr/lib64/ld-linux-x86-64.so.2 -o cmTC_a88be /usr/lib64/gcc/x86_64-solus-linux/8.2.0/../../../../lib64/crt1.o /usr/lib64/gcc/x86_64-solus-linux/8.2.0/../../../../lib64/crti.o /usr/lib64/gcc/x86_64-solus-linux/8.2.0/crtbegin.o -L/usr/lib64/gcc/x86_64-solus-linux/8.2.0 -L/usr/lib64/gcc/x86_64-solus-linux/8.2.0/../../../../lib64 -L/lib/../lib64 -L/usr/lib/../lib64 -L/usr/lib64/gcc/x86_64-solus-linux/8.2.0/../../.. CMakeFiles/cmTC_a88be.dir/CMakeCXXCompilerABI.cpp.o -lstdc++ -lm -lgcc_s -lgcc -lc -lgcc_s -lgcc /usr/lib64/gcc/x86_64-solus-linux/8.2.0/crtend.o /usr/lib64/gcc/x86_64-solus-linux/8.2.0/../../../../lib64/crtn.o
COLLECT_GCC_OPTIONS='-v' '-rdynamic' '-o' 'cmTC_a88be' '-shared-libgcc' '-mtune=generic' '-march=x86-64'
make[1]: Leaving directory '/home/zatt/Documents/Git/Enigma/CMakeFiles/CMakeTmp'


Parsed CXX implicit link information from above output:
  link line regex: [^( *|.*[/\])(ld|CMAKE_LINK_STARTFILE-NOTFOUND|([^/\]+-)?ld|collect2)[^/\]*( |$)]
  ignore line: [Change Dir: /home/zatt/Documents/Git/Enigma/CMakeFiles/CMakeTmp]
  ignore line: []
  ignore line: [Run Build Command:"/usr/bin/make" "cmTC_a88be/fast"]
  ignore line: [/usr/bin/make -f CMakeFiles/cmTC_a88be.dir/build.make CMakeFiles/cmTC_a88be.dir/build]
  ignore line: [make[1]: Entering directory '/home/zatt/Documents/Git/Enigma/CMakeFiles/CMakeTmp']
  ignore line: [Building CXX object CMakeFiles/cmTC_a88be.dir/CMakeCXXCompilerABI.cpp.o]
  ignore line: [/usr/bin/c++     -o CMakeFiles/cmTC_a88be.dir/CMakeCXXCompilerABI.cpp.o -c /usr/share/cmake-3.13/Modules/CMakeCXXCompilerABI.cpp]
  ignore line: [Linking CXX executable cmTC_a88be]
  ignore line: [/usr/bin/cmake -E cmake_link_script CMakeFiles/cmTC_a88be.dir/link.txt --verbose=1]
  ignore line: [/usr/bin/c++      -v -rdynamic CMakeFiles/cmTC_a88be.dir/CMakeCXXCompilerABI.cpp.o  -o cmTC_a88be ]
  ignore line: [Using built-in specs.]
  ignore line: [COLLECT_GCC=/usr/bin/c++]
  ignore line: [COLLECT_LTO_WRAPPER=/usr/lib64/gcc/x86_64-solus-linux/8.2.0/lto-wrapper]
  ignore line: [Target: x86_64-solus-linux]
  ignore line: [Configured with: ../configure --prefix=/usr --with-pkgversion=Solus --libdir=/usr/lib64 --libexecdir=/usr/lib64 --with-system-zlib --enable-shared --enable-threads=posix --enable-gnu-indirect-function --enable-__cxa_atexit --enable-plugin --enable-gold --enable-ld=default --enable-clocale=gnu --enable-multilib --with-multilib-list=m32,m64 --enable-lto --with-bugurl=https://dev.solus-project.com/ --with-arch_32=i686 --enable-linker-build-id --with-linker-hash-style=gnu --with-gnu-ld --build=x86_64-solus-linux --target=x86_64-solus-linux --enable-languages=c,c++,fortran]
  ignore line: [Thread model: posix]
  ignore line: [gcc version 8.2.0 (Solus) ]
  ignore line: [COMPILER_PATH=/usr/lib64/gcc/x86_64-solus-linux/8.2.0/:/usr/lib64/gcc/x86_64-solus-linux/8.2.0/:/usr/lib64/gcc/x86_64-solus-linux/:/usr/lib64/gcc/x86_64-solus-linux/8.2.0/:/usr/lib64/gcc/x86_64-solus-linux/]
  ignore line: [LIBRARY_PATH=/usr/lib64/gcc/x86_64-solus-linux/8.2.0/:/usr/lib64/gcc/x86_64-solus-linux/8.2.0/../../../../lib64/:/lib/../lib64/:/usr/lib/../lib64/:/usr/lib64/gcc/x86_64-solus-linux/8.2.0/../../../:/lib/:/usr/lib/]
  ignore line: [COLLECT_GCC_OPTIONS='-v' '-rdynamic' '-o' 'cmTC_a88be' '-shared-libgcc' '-mtune=generic' '-march=x86-64']
  link line: [ /usr/lib64/gcc/x86_64-solus-linux/8.2.0/collect2 -plugin /usr/lib64/gcc/x86_64-solus-linux/8.2.0/liblto_plugin.so -plugin-opt=/usr/lib64/gcc/x86_64-solus-linux/8.2.0/lto-wrapper -plugin-opt=-fresolution=/tmp/cckaNxpQ.res -plugin-opt=-pass-through=-lgcc_s -plugin-opt=-pass-through=-lgcc -plugin-opt=-pass-through=-lc -plugin-opt=-pass-through=-lgcc_s -plugin-opt=-pass-through=-lgcc --build-id --eh-frame-hdr --hash-style=gnu -m elf_x86_64 -export-dynamic -dynamic-linker /usr/lib64/ld-linux-x86-64.so.2 -o cmTC_a88be /usr/lib64/gcc/x86_64-solus-linux/8.2.0/../../../../lib64/crt1.o /usr/lib64/gcc/x86_64-solus-linux/8.2.0/../../../../lib64/crti.o /usr/lib64/gcc/x86_64-solus-linux/8.2.0/crtbegin.o -L/usr/lib64/gcc/x86_64-solus-linux/8.2.0 -L/usr/lib64/gcc/x86_64-solus-linux/8.2.0/../../../../lib64 -L/lib/../lib64 -L/usr/lib/../lib64 -L/usr/lib64/gcc/x86_64-solus-linux/8.2.0/../../.. CMakeFiles/cmTC_a88be.dir/CMakeCXXCompilerABI.cpp.o -lstdc++ -lm -lgcc_s -lgcc -lc -lgcc_s -lgcc /usr/lib64/gcc/x86_64-solus-linux/8.2.0/crtend.o /usr/lib64/gcc/x86_64-solus-linux/8.2.0/../../../../lib64/crtn.o]
    arg [/usr/lib64/gcc/x86_64-solus-linux/8.2.0/collect2] ==> ignore
    arg [-plugin] ==> ignore
    arg [/usr/lib64/gcc/x86_64-solus-linux/8.2.0/liblto_plugin.so] ==> ignore
    arg [-plugin-opt=/usr/lib64/gcc/x86_64-solus-linux/8.2.0/lto-wrapper] ==> ignore
    arg [-plugin-opt=-fresolution=/tmp/cckaNxpQ.res] ==> ignore
    arg [-plugin-opt=-pass-through=-lgcc_s] ==> ignore
    arg [-plugin-opt=-pass-through=-lgcc] ==> ignore
    arg [-plugin-opt=-pass-through=-lc] ==> ignore
    arg [-plugin-opt=-pass-through=-lgcc_s] ==> ignore
    arg [-plugin-opt=-pass-through=-lgcc] ==> ignore
    arg [--build-id] ==> ignore
    arg [--eh-frame-hdr] ==> ignore
    arg [--hash-style=gnu] ==> ignore
    arg [-m] ==> ignore
    arg [elf_x86_64] ==> ignore
    arg [-export-dynamic] ==> ignore
    arg [-dynamic-linker] ==> ignore
    arg [/usr/lib64/ld-linux-x86-64.so.2] ==> ignore
    arg [-o] ==> ignore
    arg [cmTC_a88be] ==> ignore
    arg [/usr/lib64/gcc/x86_64-solus-linux/8.2.0/../../../../lib64/crt1.o] ==> ignore
    arg [/usr/lib64/gcc/x86_64-solus-linux/8.2.0/../../../../lib64/crti.o] ==> ignore
    arg [/usr/lib64/gcc/x86_64-solus-linux/8.2.0/crtbegin.o] ==> ignore
    arg [-L/usr/lib64/gcc/x86_64-solus-linux/8.2.0] ==> dir [/usr/lib64/gcc/x86_64-solus-linux/8.2.0]
    arg [-L/usr/lib64/gcc/x86_64-solus-linux/8.2.0/../../../../lib64] ==> dir [/usr/lib64/gcc/x86_64-solus-linux/8.2.0/../../../../lib64]
    arg [-L/lib/../lib64] ==> dir [/lib/../lib64]
    arg [-L/usr/lib/../lib64] ==> dir [/usr/lib/../lib64]
    arg [-L/usr/lib64/gcc/x86_64-solus-linux/8.2.0/../../..] ==> dir [/usr/lib64/gcc/x86_64-solus-linux/8.2.0/../../..]
    arg [CMakeFiles/cmTC_a88be.dir/CMakeCXXCompilerABI.cpp.o] ==> ignore
    arg [-lstdc++] ==> lib [stdc++]
    arg [-lm] ==> lib [m]
    arg [-lgcc_s] ==> lib [gcc_s]
    arg [-lgcc] ==> lib [gcc]
    arg [-lc] ==> lib [c]
    arg [-lgcc_s] ==> lib [gcc_s]
    arg [-lgcc] ==> lib [gcc]
    arg [/usr/lib64/gcc/x86_64-solus-linux/8.2.0/crtend.o] ==> ignore
    arg [/usr/lib64/gcc/x86_64-solus-linux/8.2.0/../../../../lib64/crtn.o] ==> ignore
  collapse library dir [/usr/lib64/gcc/x86_64-solus-linux/8.2.0] ==> [/usr/lib64/gcc/x86_64-solus-linux/8.2.0]
  collapse library dir [/usr/lib64/gcc/x86_64-solus-linux/8.2.0/../../../../lib64] ==> [/usr/lib64]
  collapse library dir [/lib/../lib64] ==> [/lib64]
  collapse library dir [/usr/lib/../lib64] ==> [/usr/lib64]
  collapse library dir [/usr/lib64/gcc/x86_64-solus-linux/8.2.0/../../..] ==> [/usr/lib64]
  implicit libs: [stdc++;m;gcc_s;gcc;c;gcc_s;gcc]
  implicit dirs: [/usr/lib64/gcc/x86_64-solus-linux/8.2.0;/usr/lib64;/lib64]
  implicit fwks: []




Detecting CXX [-std=c++2a] compiler features compiled with the following output:
Change Dir: /home/zatt/Documents/Git/Enigma/CMakeFiles/CMakeTmp

Run Build Command:"/usr/bin/make" "cmTC_db94b/fast"
/usr/bin/make -f CMakeFiles/cmTC_db94b.dir/build.make CMakeFiles/cmTC_db94b.dir/build
make[1]: Entering directory '/home/zatt/Documents/Git/Enigma/CMakeFiles/CMakeTmp'
Building CXX object CMakeFiles/cmTC_db94b.dir/feature_tests.cxx.o
/usr/bin/c++    -std=c++2a -o CMakeFiles/cmTC_db94b.dir/feature_tests.cxx.o -c /home/zatt/Documents/Git/Enigma/CMakeFiles/feature_tests.cxx
Linking CXX executable cmTC_db94b
/usr/bin/cmake -E cmake_link_script CMakeFiles/cmTC_db94b.dir/link.txt --verbose=1
/usr/bin/c++       -rdynamic CMakeFiles/cmTC_db94b.dir/feature_tests.cxx.o  -o cmTC_db94b 
make[1]: Leaving directory '/home/zatt/Documents/Git/Enigma/CMakeFiles/CMakeTmp'


    Feature record: CXX_FEATURE:1cxx_aggregate_default_initializers
    Feature record: CXX_FEATURE:1cxx_alias_templates
    Feature record: CXX_FEATURE:1cxx_alignas
    Feature record: CXX_FEATURE:1cxx_alignof
    Feature record: CXX_FEATURE:1cxx_attributes
    Feature record: CXX_FEATURE:1cxx_attribute_deprecated
    Feature record: CXX_FEATURE:1cxx_auto_type
    Feature record: CXX_FEATURE:1cxx_binary_literals
    Feature record: CXX_FEATURE:1cxx_constexpr
    Feature record: CXX_FEATURE:1cxx_contextual_conversions
    Feature record: CXX_FEATURE:1cxx_decltype
    Feature record: CXX_FEATURE:1cxx_decltype_auto
    Feature record: CXX_FEATURE:1cxx_decltype_incomplete_return_types
    Feature record: CXX_FEATURE:1cxx_default_function_template_args
    Feature record: CXX_FEATURE:1cxx_defaulted_functions
    Feature record: CXX_FEATURE:1cxx_defaulted_move_initializers
    Feature record: CXX_FEATURE:1cxx_delegating_constructors
    Feature record: CXX_FEATURE:1cxx_deleted_functions
    Feature record: CXX_FEATURE:1cxx_digit_separators
    Feature record: CXX_FEATURE:1cxx_enum_forward_declarations
    Feature record: CXX_FEATURE:1cxx_explicit_conversions
    Feature record: CXX_FEATURE:1cxx_extended_friend_declarations
    Feature record: CXX_FEATURE:1cxx_extern_templates
    Feature record: CXX_FEATURE:1cxx_final
    Feature record: CXX_FEATURE:1cxx_func_identifier
    Feature record: CXX_FEATURE:1cxx_generalized_initializers
    Feature record: CXX_FEATURE:1cxx_generic_lambdas
    Feature record: CXX_FEATURE:1cxx_inheriting_constructors
    Feature record: CXX_FEATURE:1cxx_inline_namespaces
    Feature record: CXX_FEATURE:1cxx_lambdas
    Feature record: CXX_FEATURE:1cxx_lambda_init_captures
    Feature record: CXX_FEATURE:1cxx_local_type_template_args
    Feature record: CXX_FEATURE:1cxx_long_long_type
    Feature record: CXX_FEATURE:1cxx_noexcept
    Feature record: CXX_FEATURE:1cxx_nonstatic_member_init
    Feature record: CXX_FEATURE:1cxx_nullptr
    Feature record: CXX_FEATURE:1cxx_override
    Feature record: CXX_FEATURE:1cxx_range_for
    Feature record: CXX_FEATURE:1cxx_raw_string_literals
    Feature record: CXX_FEATURE:1cxx_reference_qualified_functions
    Feature record: CXX_FEATURE:1cxx_relaxed_constexpr
    Feature record: CXX_FEATURE:1cxx_return_type_deduction
    Feature record: CXX_FEATURE:1cxx_right_angle_brackets
    Feature record: CXX_FEATURE:1cxx_rvalue_references
    Feature record: CXX_FEATURE:1cxx_sizeof_member
    Feature record: CXX_FEATURE:1cxx_static_assert
    Feature record: CXX_FEATURE:1cxx_strong_enums
    Feature record: CXX_FEATURE:1cxx_template_template_parameters
    Feature record: CXX_FEATURE:1cxx_thread_local
    Feature record: CXX_FEATURE:1cxx_trailing_return_types
    Feature record: CXX_FEATURE:1cxx_unicode_literals
    Feature record: CXX_FEATURE:1cxx_uniform_initialization
    Feature record: CXX_FEATURE:1cxx_unrestricted_unions
    Feature record: CXX_FEATURE:1cxx_user_literals
    Feature record: CXX_FEATURE:1cxx_variable_templates
    Feature record: CXX_FEATURE:1cxx_variadic_macros
    Feature record: CXX_FEATURE:1cxx_variadic_templates


Detecting CXX [-std=c++17] compiler features compiled with the following output:
Change Dir: /home/zatt/Documents/Git/Enigma/CMakeFiles/CMakeTmp

Run Build Command:"/usr/bin/make" "cmTC_d7062/fast"
/usr/bin/make -f CMakeFiles/cmTC_d7062.dir/build.make CMakeFiles/cmTC_d7062.dir/build
make[1]: Entering directory '/home/zatt/Documents/Git/Enigma/CMakeFiles/CMakeTmp'
Building CXX object CMakeFiles/cmTC_d7062.dir/feature_tests.cxx.o
/usr/bin/c++    -std=c++17 -o CMakeFiles/cmTC_d7062.dir/feature_tests.cxx.o -c /home/zatt/Documents/Git/Enigma/CMakeFiles/feature_tests.cxx
Linking CXX executable cmTC_d7062
/usr/bin/cmake -E cmake_link_script CMakeFiles/cmTC_d7062.dir/link.txt --verbose=1
/usr/bin/c++       -rdynamic CMakeFiles/cmTC_d7062.dir/feature_tests.cxx.o  -o cmTC_d7062 
make[1]: Leaving directory '/home/zatt/Documents/Git/Enigma/CMakeFiles/CMakeTmp'


    Feature record: CXX_FEATURE:1cxx_aggregate_default_initializers
    Feature record: CXX_FEATURE:1cxx_alias_templates
    Feature record: CXX_FEATURE:1cxx_alignas
    Feature record: CXX_FEATURE:1cxx_alignof
    Feature record: CXX_FEATURE:1cxx_attributes
    Feature record: CXX_FEATURE:1cxx_attribute_deprecated
    Feature record: CXX_FEATURE:1cxx_auto_type
    Feature record: CXX_FEATURE:1cxx_binary_literals
    Feature record: CXX_FEATURE:1cxx_constexpr
    Feature record: CXX_FEATURE:1cxx_contextual_conversions
    Feature record: CXX_FEATURE:1cxx_decltype
    Feature record: CXX_FEATURE:1cxx_decltype_auto
    Feature record: CXX_FEATURE:1cxx_decltype_incomplete_return_types
    Feature record: CXX_FEATURE:1cxx_default_function_template_args
    Feature record: CXX_FEATURE:1cxx_defaulted_functions
    Feature record: CXX_FEATURE:1cxx_defaulted_move_initializers
    Feature record: CXX_FEATURE:1cxx_delegating_constructors
    Feature record: CXX_FEATURE:1cxx_deleted_functions
    Feature record: CXX_FEATURE:1cxx_digit_separators
    Feature record: CXX_FEATURE:1cxx_enum_forward_declarations
    Feature record: CXX_FEATURE:1cxx_explicit_conversions
    Feature record: CXX_FEATURE:1cxx_extended_friend_declarations
    Feature record: CXX_FEATURE:1cxx_extern_templates
    Feature record: CXX_FEATURE:1cxx_final
    Feature record: CXX_FEATURE:1cxx_func_identifier
    Feature record: CXX_FEATURE:1cxx_generalized_initializers
    Feature record: CXX_FEATURE:1cxx_generic_lambdas
    Feature record: CXX_FEATURE:1cxx_inheriting_constructors
    Feature record: CXX_FEATURE:1cxx_inline_namespaces
    Feature record: CXX_FEATURE:1cxx_lambdas
    Feature record: CXX_FEATURE:1cxx_lambda_init_captures
    Feature record: CXX_FEATURE:1cxx_local_type_template_args
    Feature record: CXX_FEATURE:1cxx_long_long_type
    Feature record: CXX_FEATURE:1cxx_noexcept
    Feature record: CXX_FEATURE:1cxx_nonstatic_member_init
    Feature record: CXX_FEATURE:1cxx_nullptr
    Feature record: CXX_FEATURE:1cxx_override
    Feature record: CXX_FEATURE:1cxx_range_for
    Feature record: CXX_FEATURE:1cxx_raw_string_literals
    Feature record: CXX_FEATURE:1cxx_reference_qualified_functions
    Feature record: CXX_FEATURE:1cxx_relaxed_constexpr
    Feature record: CXX_FEATURE:1cxx_return_type_deduction
    Feature record: CXX_FEATURE:1cxx_right_angle_brackets
    Feature record: CXX_FEATURE:1cxx_rvalue_references
    Feature record: CXX_FEATURE:1cxx_sizeof_member
    Feature record: CXX_FEATURE:1cxx_static_assert
    Feature record: CXX_FEATURE:1cxx_strong_enums
    Feature record: CXX_FEATURE:1cxx_template_template_parameters
    Feature record: CXX_FEATURE:1cxx_thread_local
    Feature record: CXX_FEATURE:1cxx_trailing_return_types
    Feature record: CXX_FEATURE:1cxx_unicode_literals
    Feature record: CXX_FEATURE:1cxx_uniform_initialization
    Feature record: CXX_FEATURE:1cxx_unrestricted_unions
    Feature record: CXX_FEATURE:1cxx_user_literals
    Feature record: CXX_FEATURE:1cxx_variable_templates
    Feature record: CXX_FEATURE:1cxx_variadic_macros
    Feature record: CXX_FEATURE:1cxx_variadic_templates


Detecting CXX [-std=c++14] compiler features compiled with the following output:
Change Dir: /home/zatt/Documents/Git/Enigma/CMakeFiles/CMakeTmp

Run Build Command:"/usr/bin/make" "cmTC_dc068/fast"
/usr/bin/make -f CMakeFiles/cmTC_dc068.dir/build.make CMakeFiles/cmTC_dc068.dir/build
make[1]: Entering directory '/home/zatt/Documents/Git/Enigma/CMakeFiles/CMakeTmp'
Building CXX object CMakeFiles/cmTC_dc068.dir/feature_tests.cxx.o
/usr/bin/c++    -std=c++14 -o CMakeFiles/cmTC_dc068.dir/feature_tests.cxx.o -c /home/zatt/Documents/Git/Enigma/CMakeFiles/feature_tests.cxx
Linking CXX executable cmTC_dc068
/usr/bin/cmake -E cmake_link_script CMakeFiles/cmTC_dc068.dir/link.txt --verbose=1
/usr/bin/c++       -rdynamic CMakeFiles/cmTC_dc068.dir/feature_tests.cxx.o  -o cmTC_dc068 
make[1]: Leaving directory '/home/zatt/Documents/Git/Enigma/CMakeFiles/CMakeTmp'


    Feature record: CXX_FEATURE:1cxx_aggregate_default_initializers
    Feature record: CXX_FEATURE:1cxx_alias_templates
    Feature record: CXX_FEATURE:1cxx_alignas
    Feature record: CXX_FEATURE:1cxx_alignof
    Feature record: CXX_FEATURE:1cxx_attributes
    Feature record: CXX_FEATURE:1cxx_attribute_deprecated
    Feature record: CXX_FEATURE:1cxx_auto_type
    Feature record: CXX_FEATURE:1cxx_binary_literals
    Feature record: CXX_FEATURE:1cxx_constexpr
    Feature record: CXX_FEATURE:1cxx_contextual_conversions
    Feature record: CXX_FEATURE:1cxx_decltype
    Feature record: CXX_FEATURE:1cxx_decltype_auto
    Feature record: CXX_FEATURE:1cxx_decltype_incomplete_return_types
    Feature record: CXX_FEATURE:1cxx_default_function_template_args
    Feature record: CXX_FEATURE:1cxx_defaulted_functions
    Feature record: CXX_FEATURE:1cxx_defaulted_move_initializers
    Feature record: CXX_FEATURE:1cxx_delegating_constructors
    Feature record: CXX_FEATURE:1cxx_deleted_functions
    Feature record: CXX_FEATURE:1cxx_digit_separators
    Feature record: CXX_FEATURE:1cxx_enum_forward_declarations
    Feature record: CXX_FEATURE:1cxx_explicit_conversions
    Feature record: CXX_FEATURE:1cxx_extended_friend_declarations
    Feature record: CXX_FEATURE:1cxx_extern_templates
    Feature record: CXX_FEATURE:1cxx_final
    Feature record: CXX_FEATURE:1cxx_func_identifier
    Feature record: CXX_FEATURE:1cxx_generalized_initializers
    Feature record: CXX_FEATURE:1cxx_generic_lambdas
    Feature record: CXX_FEATURE:1cxx_inheriting_constructors
    Feature record: CXX_FEATURE:1cxx_inline_namespaces
    Feature record: CXX_FEATURE:1cxx_lambdas
    Feature record: CXX_FEATURE:1cxx_lambda_init_captures
    Feature record: CXX_FEATURE:1cxx_local_type_template_args
    Feature record: CXX_FEATURE:1cxx_long_long_type
    Feature record: CXX_FEATURE:1cxx_noexcept
    Feature record: CXX_FEATURE:1cxx_nonstatic_member_init
    Feature record: CXX_FEATURE:1cxx_nullptr
    Feature record: CXX_FEATURE:1cxx_override
    Feature record: CXX_FEATURE:1cxx_range_for
    Feature record: CXX_FEATURE:1cxx_raw_string_literals
    Feature record: CXX_FEATURE:1cxx_reference_qualified_functions
    Feature record: CXX_FEATURE:1cxx_relaxed_constexpr
    Feature record: CXX_FEATURE:1cxx_return_type_deduction
    Feature record: CXX_FEATURE:1cxx_right_angle_brackets
    Feature record: CXX_FEATURE:1cxx_rvalue_references
    Feature record: CXX_FEATURE:1cxx_sizeof_member
    Feature record: CXX_FEATURE:1cxx_static_assert
    Feature record: CXX_FEATURE:1cxx_strong_enums
    Feature record: CXX_FEATURE:1cxx_template_template_parameters
    Feature record: CXX_FEATURE:1cxx_thread_local
    Feature record: CXX_FEATURE:1cxx_trailing_return_types
    Feature record: CXX_FEATURE:1cxx_unicode_literals
    Feature record: CXX_FEATURE:1cxx_uniform_initialization
    Feature record: CXX_FEATURE:1cxx_unrestricted_unions
    Feature record: CXX_FEATURE:1cxx_user_literals
    Feature record: CXX_FEATURE:1cxx_variable_templates
    Feature record: CXX_FEATURE:1cxx_variadic_macros
    Feature record: CXX_FEATURE:1cxx_variadic_templates


Detecting CXX [-std=c++11] compiler features compiled with the following output:
Change Dir: /home/zatt/Documents/Git/Enigma/CMakeFiles/CMakeTmp

Run Build Command:"/usr/bin/make" "cmTC_53043/fast"
/usr/bin/make -f CMakeFiles/cmTC_53043.dir/build.make CMakeFiles/cmTC_53043.dir/build
make[1]: Entering directory '/home/zatt/Documents/Git/Enigma/CMakeFiles/CMakeTmp'
Building CXX object CMakeFiles/cmTC_53043.dir/feature_tests.cxx.o
/usr/bin/c++    -std=c++11 -o CMakeFiles/cmTC_53043.dir/feature_tests.cxx.o -c /home/zatt/Documents/Git/Enigma/CMakeFiles/feature_tests.cxx
Linking CXX executable cmTC_53043
/usr/bin/cmake -E cmake_link_script CMakeFiles/cmTC_53043.dir/link.txt --verbose=1
/usr/bin/c++       -rdynamic CMakeFiles/cmTC_53043.dir/feature_tests.cxx.o  -o cmTC_53043 
make[1]: Leaving directory '/home/zatt/Documents/Git/Enigma/CMakeFiles/CMakeTmp'


    Feature record: CXX_FEATURE:0cxx_aggregate_default_initializers
    Feature record: CXX_FEATURE:1cxx_alias_templates
    Feature record: CXX_FEATURE:1cxx_alignas
    Feature record: CXX_FEATURE:1cxx_alignof
    Feature record: CXX_FEATURE:1cxx_attributes
    Feature record: CXX_FEATURE:0cxx_attribute_deprecated
    Feature record: CXX_FEATURE:1cxx_auto_type
    Feature record: CXX_FEATURE:0cxx_binary_literals
    Feature record: CXX_FEATURE:1cxx_constexpr
    Feature record: CXX_FEATURE:0cxx_contextual_conversions
    Feature record: CXX_FEATURE:1cxx_decltype
    Feature record: CXX_FEATURE:0cxx_decltype_auto
    Feature record: CXX_FEATURE:1cxx_decltype_incomplete_return_types
    Feature record: CXX_FEATURE:1cxx_default_function_template_args
    Feature record: CXX_FEATURE:1cxx_defaulted_functions
    Feature record: CXX_FEATURE:1cxx_defaulted_move_initializers
    Feature record: CXX_FEATURE:1cxx_delegating_constructors
    Feature record: CXX_FEATURE:1cxx_deleted_functions
    Feature record: CXX_FEATURE:0cxx_digit_separators
    Feature record: CXX_FEATURE:1cxx_enum_forward_declarations
    Feature record: CXX_FEATURE:1cxx_explicit_conversions
    Feature record: CXX_FEATURE:1cxx_extended_friend_declarations
    Feature record: CXX_FEATURE:1cxx_extern_templates
    Feature record: CXX_FEATURE:1cxx_final
    Feature record: CXX_FEATURE:1cxx_func_identifier
    Feature record: CXX_FEATURE:1cxx_generalized_initializers
    Feature record: CXX_FEATURE:0cxx_generic_lambdas
    Feature record: CXX_FEATURE:1cxx_inheriting_constructors
    Feature record: CXX_FEATURE:1cxx_inline_namespaces
    Feature record: CXX_FEATURE:1cxx_lambdas
    Feature record: CXX_FEATURE:0cxx_lambda_init_captures
    Feature record: CXX_FEATURE:1cxx_local_type_template_args
    Feature record: CXX_FEATURE:1cxx_long_long_type
    Feature record: CXX_FEATURE:1cxx_noexcept
    Feature record: CXX_FEATURE:1cxx_nonstatic_member_init
    Feature record: CXX_FEATURE:1cxx_nullptr
    Feature record: CXX_FEATURE:1cxx_override
    Feature record: CXX_FEATURE:1cxx_range_for
    Feature record: CXX_FEATURE:1cxx_raw_string_literals
    Feature record: CXX_FEATURE:1cxx_reference_qualified_functions
    Feature record: CXX_FEATURE:0cxx_relaxed_constexpr
    Feature record: CXX_FEATURE:0cxx_return_type_deduction
    Feature record: CXX_FEATURE:1cxx_right_angle_brackets
    Feature record: CXX_FEATURE:1cxx_rvalue_references
    Feature record: CXX_FEATURE:1cxx_sizeof_member
    Feature record: CXX_FEATURE:1cxx_static_assert
    Feature record: CXX_FEATURE:1cxx_strong_enums
    Feature record: CXX_FEATURE:1cxx_template_template_parameters
    Feature record: CXX_FEATURE:1cxx_thread_local
    Feature record: CXX_FEATURE:1cxx_trailing_return_types
    Feature record: CXX_FEATURE:1cxx_unicode_literals
    Feature record: CXX_FEATURE:1cxx_uniform_initialization
    Feature record: CXX_FEATURE:1cxx_unrestricted_unions
    Feature record: CXX_FEATURE:1cxx_user_literals
    Feature record: CXX_FEATURE:0cxx_variable_templates
    Feature record: CXX_FEATURE:1cxx_variadic_macros
    Feature record: CXX_FEATURE:1cxx_variadic_templates


Detecting CXX [-std=c++98] compiler features compiled with the following output:
Change Dir: /home/zatt/Documents/Git/Enigma/CMakeFiles/CMakeTmp

Run Build Command:"/usr/bin/make" "cmTC_4d1af/fast"
/usr/bin/make -f CMakeFiles/cmTC_4d1af.dir/build.make CMakeFiles/cmTC_4d1af.dir/build
make[1]: Entering directory '/home/zatt/Documents/Git/Enigma/CMakeFiles/CMakeTmp'
Building CXX object CMakeFiles/cmTC_4d1af.dir/feature_tests.cxx.o
/usr/bin/c++    -std=c++98 -o CMakeFiles/cmTC_4d1af.dir/feature_tests.cxx.o -c /home/zatt/Documents/Git/Enigma/CMakeFiles/feature_tests.cxx
Linking CXX executable cmTC_4d1af
/usr/bin/cmake -E cmake_link_script CMakeFiles/cmTC_4d1af.dir/link.txt --verbose=1
/usr/bin/c++       -rdynamic CMakeFiles/cmTC_4d1af.dir/feature_tests.cxx.o  -o cmTC_4d1af 
make[1]: Leaving directory '/home/zatt/Documents/Git/Enigma/CMakeFiles/CMakeTmp'


    Feature record: CXX_FEATURE:0cxx_aggregate_default_initializers
    Feature record: CXX_FEATURE:0cxx_alias_templates
    Feature record: CXX_FEATURE:0cxx_alignas
    Feature record: CXX_FEATURE:0cxx_alignof
    Feature record: CXX_FEATURE:0cxx_attributes
    Feature record: CXX_FEATURE:0cxx_attribute_deprecated
    Feature record: CXX_FEATURE:0cxx_auto_type
    Feature record: CXX_FEATURE:0cxx_binary_literals
    Feature record: CXX_FEATURE:0cxx_constexpr
    Feature record: CXX_FEATURE:0cxx_contextual_conversions
    Feature record: CXX_FEATURE:0cxx_decltype
    Feature record: CXX_FEATURE:0cxx_decltype_auto
    Feature record: CXX_FEATURE:0cxx_decltype_incomplete_return_types
    Feature record: CXX_FEATURE:0cxx_default_function_template_args
    Feature record: CXX_FEATURE:0cxx_defaulted_functions
    Feature record: CXX_FEATURE:0cxx_defaulted_move_initializers
    Feature record: CXX_FEATURE:0cxx_delegating_constructors
    Feature record: CXX_FEATURE:0cxx_deleted_functions
    Feature record: CXX_FEATURE:0cxx_digit_separators
    Feature record: CXX_FEATURE:0cxx_enum_forward_declarations
    Feature record: CXX_FEATURE:0cxx_explicit_conversions
    Feature record: CXX_FEATURE:0cxx_extended_friend_declarations
    Feature record: CXX_FEATURE:0cxx_extern_templates
    Feature record: CXX_FEATURE:0cxx_final
    Feature record: CXX_FEATURE:0cxx_func_identifier
    Feature record: CXX_FEATURE:0cxx_generalized_initializers
    Feature record: CXX_FEATURE:0cxx_generic_lambdas
    Feature record: CXX_FEATURE:0cxx_inheriting_constructors
    Feature record: CXX_FEATURE:0cxx_inline_namespaces
    Feature record: CXX_FEATURE:0cxx_lambdas
    Feature record: CXX_FEATURE:0cxx_lambda_init_captures
    Feature record: CXX_FEATURE:0cxx_local_type_template_args
    Feature record: CXX_FEATURE:0cxx_long_long_type
    Feature record: CXX_FEATURE:0cxx_noexcept
    Feature record: CXX_FEATURE:0cxx_nonstatic_member_init
    Feature record: CXX_FEATURE:0cxx_nullptr
    Feature record: CXX_FEATURE:0cxx_override
    Feature record: CXX_FEATURE:0cxx_range_for
    Feature record: CXX_FEATURE:0cxx_raw_string_literals
    Feature record: CXX_FEATURE:0cxx_reference_qualified_functions
    Feature record: CXX_FEATURE:0cxx_relaxed_constexpr
    Feature record: CXX_FEATURE:0cxx_return_type_deduction
    Feature record: CXX_FEATURE:0cxx_right_angle_brackets
    Feature record: CXX_FEATURE:0cxx_rvalue_references
    Feature record: CXX_FEATURE:0cxx_sizeof_member
    Feature record: CXX_FEATURE:0cxx_static_assert
    Feature record: CXX_FEATURE:0cxx_strong_enums
    Feature record: CXX_FEATURE:1cxx_template_template_parameters
    Feature record: CXX_FEATURE:0cxx_thread_local
    Feature record: CXX_FEATURE:0cxx_trailing_return_types
    Feature record: CXX_FEATURE:0cxx_unicode_literals
    Feature record: CXX_FEATURE:0cxx_uniform_initialization
    Feature record: CXX_FEATURE:0cxx_unrestricted_unions
    Feature record: CXX_FEATURE:0cxx_user_literals
    Feature record: CXX_FEATURE:0cxx_variable_templates
    Feature record: CXX_FEATURE:0cxx_variadic_macros
    Feature record: CXX_FEATURE:0cxx_variadic_templates
